2.146667e-01, 5.288146e-01
3.784584e-02, 4.152064e-01
8.740073e-03, 4.167388e-01
1.245204e-03, 4.164216e-01
2.307531e-04, 4.151571e-01
1.006220e-04, 5.193157e-01
run at %(asctime)s
1.018737e+00, 2.423494e-01
9.355205e-05, 1.179935e-01
1.698500e-05, 1.179947e-01
4.976057e-06, 1.226104e-01
3.642868e-06, 1.202748e-01
3.297813e-06, 2.217934e-01
run at %(asctime)s
5.981429e-01, 2.318952e-01
7.577008e-05, 1.181939e-01
1.647393e-05, 1.186264e-01
4.219124e-06, 1.178569e-01
2.198154e-06, 1.182724e-01
3.376976e-06, 2.216875e-01
run at Wed Dec  1 09:57:39 2021
8.042077e-02, 2.217726e-01
7.580407e-05, 1.205909e-01
1.483504e-05, 1.186479e-01
5.968148e-06, 1.196259e-01
4.230067e-06, 1.201387e-01
3.410038e-06, 2.306320e-01
Wed Dec  1 09:57:52 2021
7.599851e-02, 2.221868e-01
9.388709e-05, 1.226002e-01
1.595914e-05, 1.181993e-01
5.285023e-06, 1.213269e-01
3.936002e-06, 1.203366e-01
3.486872e-06, 2.280868e-01
Wed Dec  1 09:58:00 2021
4.092569e-04, 1.229271e-01
1.004138e-04, 1.230587e-01
1.669000e-05, 1.212761e-01
7.076887e-06, 1.227545e-01
4.089903e-06, 1.195753e-01
4.089903e-06, 2.266995e-01
Wed Dec  1 09:58:45 2021
7.924412e-04, 1.227199e-01
2.294939e-04, 1.222997e-01
4.000613e-05, 1.215404e-01
1.295516e-05, 1.225840e-01
2.275803e-05, 1.212445e-01
3.940891e-06, 1.207013e-01
2.478017e-06, 1.195320e-01
2.983958e-06, 4.371119e-01
Wed Dec  1 09:58:52 2021
1.295033e-03, 1.263690e-01
8.962629e-04, 1.223163e-01
2.914090e-04, 1.209580e-01
2.188249e-04, 1.220673e-01
7.599103e-05, 1.200296e-01
5.004718e-05, 1.206470e-01
2.363301e-05, 1.208544e-01
1.268089e-05, 1.217869e-01
8.143019e-06, 1.212763e-01
6.876886e-06, 1.223861e-01
5.014008e-06, 1.216458e-01
4.096888e-06, 1.210954e-01
2.844958e-06, 1.182861e-01
3.886176e-06, 1.202074e-01
2.942979e-06, 2.222120e-01
2.849149e-06, 3.323646e-01
2.793968e-06, 6.057356e-01
2.999790e-06, 1.091654e+00
Wed Dec  1 09:59:22 2021
1.279333e-03, 1.286610e-01
7.176690e-04, 1.221275e-01
3.998219e-04, 1.226503e-01
1.472600e-04, 1.203603e-01
1.093040e-04, 1.233801e-01
5.634013e-05, 1.191608e-01
2.081087e-05, 1.219312e-01
1.188298e-05, 1.167182e-01
7.130904e-06, 1.184921e-01
5.494105e-06, 1.205912e-01
4.234957e-06, 1.179869e-01
3.497815e-06, 1.185688e-01
2.898974e-06, 1.168326e-01
2.793036e-06, 1.191993e-01
2.844958e-06, 2.252442e-01
2.460089e-06, 4.842748e-01
2.886867e-06, 5.969132e-01
2.298038e-06, 1.091137e+00
Wed Dec  1 09:59:53 2021
2.792429e-02, 1.253013e-01
2.507616e-03, 1.186038e-01
2.897240e-04, 1.186909e-01
4.393095e-05, 1.172980e-01
4.999805e-06, 4.520602e-01
3.253110e-06, 4.669763e+00
Wed Dec  1 10:00:57 2021
nrows=10, nvals=10000000, dt1=1.153974e-01, dt=2.228968e-01
nrows=100, nvals=1000000, dt1=2.407553e-03, dt=1.199141e-01
nrows=1000, nvals=100000, dt1=3.127900e-04, dt=1.199763e-01
nrows=10000, nvals=10000, dt1=2.551707e-05, dt=1.196448e-01
nrows=100000, nvals=1000, dt1=5.068025e-06, dt=4.284219e-01
nrows=1000000, nvals=100, dt1=2.891058e-06, dt=4.998210e+00
Wed Dec  1 10:01:32 2021
nrows=10, nvals=10000000, dt1=2.292795e-02, dt=2.268853e-01
nrows=100, nvals=1000000, dt1=2.641223e-03, dt=1.225803e-01
nrows=1000, nvals=100000, dt1=2.724100e-04, dt=1.217673e-01
nrows=10000, nvals=10000, dt1=4.290696e-05, dt=1.225684e-01
nrows=100000, nvals=1000, dt1=2.801185e-06, dt=5.259900e-01
nrows=1000000, nvals=100, dt1=4.898757e-07, dt=4.661710e+00
Wed Dec  1 10:02:22 2021
nrows=10, nvals=10000000, dt1=2.304377e-02, dt=2.877077e-01
nrows=100, nvals=1000000, dt1=2.933922e-03, dt=4.660691e-01
nrows=1000, nvals=100000, dt1=5.747201e-04, dt=5.731884e-01
nrows=10000, nvals=10000, dt1=2.315990e-05, dt=6.037900e-01
nrows=100000, nvals=1000, dt1=3.242865e-06, dt=9.095020e-01
nrows=1000000, nvals=100, dt1=5.590264e-07, dt=4.299275e+00
Wed Dec  1 10:02:59 2021
nrows=13, nvals=74989421, dt1=1.718297e-01, dt=4.460009e-01
nrows=178, nvals=5623413, dt1=1.344261e-02, dt=4.359336e-01
nrows=2371, nvals=421697, dt1=1.213749e-03, dt=5.799806e-01
nrows=31623, nvals=31623, dt1=9.195413e-05, dt=6.287894e-01
nrows=421697, nvals=2371, dt1=5.697832e-06, dt=1.892844e+00
nrows=5623413, nvals=178, dt1=9.571668e-07, dt=2.408343e+01
Wed Dec  1 10:05:15 2021
nrows=43, nvals=533670, dt1=1.331268e-03, dt=4.940076e-01
nrows=285, nvals=81113, dt1=2.231810e-04, dt=6.066528e-01
nrows=1874, nvals=12328, dt1=3.611902e-05, dt=6.336485e-01
nrows=12328, nvals=1874, dt1=5.792128e-06, dt=5.924589e-01
nrows=81113, nvals=285, dt1=1.227949e-06, dt=7.838792e-01
nrows=533670, nvals=43, dt1=4.689209e-07, dt=2.694458e+00
Wed Dec  1 10:07:12 2021
nrows=22, nvals=10000, dt1=2.496899e-05, dt=2.637303e-01
nrows=100, nvals=2154, dt1=6.669899e-06, dt=1.541725e-01
nrows=464, nvals=464, dt1=1.406064e-06, dt=2.583538e-01
nrows=2154, nvals=100, dt1=6.691553e-07, dt=2.723417e-01
Wed Dec  1 10:07:28 2021
nrows=22, nvals=10000, dt1=2.454408e-05, dt=2.658638e-01
nrows=100, nvals=2154, dt1=5.542999e-06, dt=1.653716e-01
nrows=464, nvals=464, dt1=1.754146e-06, dt=2.746445e-01
nrows=2154, nvals=100, dt1=5.147886e-07, dt=2.803840e-01
nrows=10000, nvals=22, dt1=3.369059e-07, dt=2.813974e-01
nrows=46416, nvals=5, dt1=3.317837e-07, dt=3.786670e-01
nrows=215443, nvals=1, dt1=2.649613e-07, dt=1.056046e+00
Wed Dec  1 10:07:58 2021
nrows=22, nvals=10000, dt1=2.580904e-05, dt=2.680055e-01
nrows=100, nvals=2154, dt1=6.688060e-06, dt=1.609833e-01
nrows=464, nvals=464, dt1=1.380919e-06, dt=1.643454e-01
nrows=2154, nvals=100, dt1=6.749760e-07, dt=2.759339e-01
nrows=10000, nvals=22, dt1=3.280584e-07, dt=2.847582e-01
nrows=46416, nvals=5, dt1=3.071036e-07, dt=3.803648e-01
nrows=215443, nvals=1, dt1=3.229361e-07, dt=1.262681e+00
nrows=1000000, nvals=0, dt1=4.509930e-07, dt=4.600892e+00
Wed Dec  1 10:08:56 2021
nrows=22, nvals=4641589, dt1=1.063710e-02, dt=2.758855e-01
nrows=100, nvals=1000000, dt1=2.680478e-03, dt=1.657252e-01
nrows=464, nvals=215443, dt1=7.090040e-04, dt=2.674268e-01
nrows=2154, nvals=46416, dt1=1.398202e-04, dt=2.774792e-01
nrows=10000, nvals=10000, dt1=2.469192e-05, dt=3.069391e-01
nrows=46416, nvals=2154, dt1=5.602837e-06, dt=3.935454e-01
nrows=215443, nvals=464, dt1=1.365086e-06, dt=9.290436e-01
nrows=1000000, nvals=100, dt1=5.471520e-07, dt=4.585474e+00
Wed Dec  1 10:09:23 2021
nrows=40, nvals=2511886, dt1=5.933207e-03, dt=2.887679e-01
nrows=251, nvals=398107, dt1=1.355082e-03, dt=2.746907e-01
nrows=1585, nvals=63096, dt1=1.443299e-04, dt=2.860956e-01
nrows=10000, nvals=10000, dt1=2.326188e-05, dt=2.802068e-01
nrows=63096, nvals=1585, dt1=4.939036e-06, dt=4.862726e-01
nrows=398107, nvals=251, dt1=1.061009e-06, dt=1.827615e+00
Wed Dec  1 10:09:31 2021
nrows=100, nvals=1000000, dt1=2.318328e-03, dt=2.881579e-01
nrows=1000, nvals=100000, dt1=3.202180e-04, dt=2.852576e-01
nrows=10000, nvals=10000, dt1=2.311682e-05, dt=3.097101e-01
nrows=100000, nvals=1000, dt1=2.784887e-06, dt=5.059512e-01
Wed Dec  1 10:09:44 2021
nrows=100, nvals=10000000, dt1=2.292458e-02, dt=4.714558e-01
nrows=1000, nvals=1000000, dt1=3.059996e-03, dt=4.763342e-01
nrows=10000, nvals=100000, dt1=2.284001e-04, dt=4.947340e-01
nrows=100000, nvals=10000, dt1=2.550893e-05, dt=5.868953e-01
nrows=1000000, nvals=1000, dt1=3.352994e-06, dt=4.497043e+00
Wed Dec  1 10:11:36 2021
nrows=10, nvals=1000, dt1=4.454982e-06, dt=2.354047e-01
nrows=32, nvals=316, dt1=1.051929e-06, dt=1.174241e-01
nrows=100, nvals=100, dt1=5.729962e-07, dt=1.175816e-01
nrows=316, nvals=32, dt1=3.711320e-07, dt=1.176272e-01
Wed Dec  1 10:11:42 2021
nrows=100, nvals=10000000, dt1=2.303527e-02, dt=4.359007e-01
nrows=1000, nvals=1000000, dt1=2.816945e-03, dt=4.390614e-01
nrows=10000, nvals=100000, dt1=2.952931e-04, dt=4.552432e-01
nrows=100000, nvals=10000, dt1=2.731010e-05, dt=7.453102e-01
nrows=1000000, nvals=1000, dt1=2.664980e-06, dt=3.995725e+00
Wed Dec  1 10:12:00 2021
nrows=19, nvals=51794747, dt1=1.187241e-01, dt=4.408574e-01
nrows=85, nvals=11787686, dt1=2.752058e-02, dt=4.370109e-01
nrows=373, nvals=2682696, dt1=6.614475e-03, dt=4.365050e-01
nrows=1638, nvals=610540, dt1=1.767668e-03, dt=4.523006e-01
nrows=7197, nvals=138950, dt1=3.174490e-04, dt=4.566087e-01
nrows=31623, nvals=31623, dt1=7.251813e-05, dt=4.523010e-01
nrows=138950, nvals=7197, dt1=1.674006e-05, dt=6.686378e-01
nrows=610540, nvals=1638, dt1=4.030066e-06, dt=2.458179e+00
nrows=2682696, nvals=373, dt1=1.192093e-06, dt=1.243383e+01
nrows=11787686, nvals=85, dt1=7.289927e-07, dt=6.294683e+01
Wed Dec  1 10:14:17 2021
nrows=16, nvals=63095734, dt1=1.443326e-01, dt=5.754561e-01
nrows=63, nvals=15848932, dt1=3.631034e-02, dt=4.697448e-01
nrows=251, nvals=3981072, dt1=1.082444e-02, dt=4.820081e-01
nrows=1000, nvals=1000000, dt1=2.613858e-03, dt=4.836364e-01
nrows=3981, nvals=251189, dt1=6.733881e-04, dt=4.822903e-01
nrows=15849, nvals=63096, dt1=2.165341e-04, dt=4.745262e-01
nrows=63096, nvals=15849, dt1=3.661495e-05, dt=5.902145e-01
nrows=251189, nvals=3981, dt1=9.509968e-06, dt=1.238011e+00
nrows=1000000, nvals=1000, dt1=3.206078e-06, dt=4.162650e+00
nrows=3981072, nvals=251, dt1=1.215842e-06, dt=1.906295e+01
Wed Dec  1 10:15:21 2021
nrows=11, nvals=87332616, dt1=1.997555e-01, dt=6.678825e-01
nrows=39, nvals=25808615, dt1=5.912863e-02, dt=4.601724e-01
nrows=131, nvals=7626986, dt1=1.745679e-02, dt=4.597410e-01
nrows=444, nvals=2253934, dt1=6.869993e-03, dt=4.710979e-01
nrows=1501, nvals=666085, dt1=1.708984e-03, dt=4.716952e-01
nrows=5080, nvals=196842, dt1=5.627871e-04, dt=4.684328e-01
nrows=17191, nvals=58171, dt1=1.337801e-04, dt=4.721700e-01
nrows=58171, nvals=17191, dt1=3.968412e-05, dt=5.687616e-01
nrows=196842, nvals=5080, dt1=1.190207e-05, dt=1.173263e+00
nrows=666085, nvals=1501, dt1=4.202826e-06, dt=2.890399e+00
Wed Dec  1 10:16:19 2021
nrows=139, nvals=7196857, dt1=1.659691e-02, dt=4.656171e-01
nrows=373, nvals=2682696, dt1=7.302091e-03, dt=4.627353e-01
nrows=1000, nvals=1000000, dt1=2.644424e-03, dt=4.634605e-01
nrows=2683, nvals=372759, dt1=1.177139e-03, dt=4.599957e-01
nrows=7197, nvals=138950, dt1=3.628940e-04, dt=4.716031e-01
nrows=19307, nvals=51795, dt1=1.498759e-04, dt=4.581670e-01
nrows=51795, nvals=19307, dt1=5.055894e-05, dt=4.731864e-01
nrows=138950, nvals=7197, dt1=2.143695e-05, dt=7.765296e-01
nrows=372759, nvals=2683, dt1=6.597955e-06, dt=1.665707e+00
nrows=1000000, nvals=1000, dt1=2.691988e-06, dt=4.380041e+00
Wed Dec  1 10:18:18 2021
nrows=223, nvals=4489251, dt1=1.035585e-02, dt=4.710365e-01
nrows=548, nvals=1823348, dt1=5.095144e-03, dt=4.601818e-01
nrows=1350, nvals=740568, dt1=1.871616e-03, dt=4.662170e-01
nrows=3325, nvals=300788, dt1=9.445380e-04, dt=4.564251e-01
nrows=8185, nvals=122168, dt1=4.243311e-04, dt=4.605779e-01
nrows=20153, nvals=49619, dt1=1.728730e-04, dt=4.840522e-01
nrows=49619, nvals=20153, dt1=5.894993e-05, dt=4.707713e-01
nrows=122168, nvals=8185, dt1=2.023089e-05, dt=6.823728e-01
nrows=300788, nvals=3325, dt1=7.997965e-06, dt=1.342054e+00
nrows=740568, nvals=1350, dt1=3.407011e-06, dt=3.066844e+00
Wed Dec  1 10:19:43 2021
nrows=331, nvals=3019952, dt1=7.864653e-03, dt=4.739532e-01
nrows=759, nvals=1318257, dt1=3.325925e-03, dt=4.583891e-01
nrows=1738, nvals=575440, dt1=1.702392e-03, dt=4.591645e-01
nrows=3981, nvals=251189, dt1=6.572101e-04, dt=4.692617e-01
nrows=9120, nvals=109648, dt1=2.504978e-04, dt=4.623687e-01
nrows=20893, nvals=47863, dt1=1.166221e-04, dt=4.829910e-01
nrows=47863, nvals=20893, dt1=4.801899e-05, dt=4.805667e-01
nrows=109648, nvals=9120, dt1=2.112798e-05, dt=5.873802e-01
nrows=251189, nvals=3981, dt1=9.988900e-06, dt=1.208797e+00
nrows=575440, nvals=1738, dt1=4.829839e-06, dt=2.382628e+00
Wed Dec  1 10:20:51 2021
nrows=464, nvals=2154435, dt1=4.944733e-03, dt=5.621801e-01
nrows=1000, nvals=1000000, dt1=2.757532e-03, dt=4.574898e-01
nrows=2154, nvals=464159, dt1=1.173619e-03, dt=4.697778e-01
nrows=4642, nvals=215443, dt1=6.403090e-04, dt=4.592088e-01
nrows=10000, nvals=100000, dt1=2.907088e-04, dt=4.557745e-01
nrows=21544, nvals=46416, dt1=1.350930e-04, dt=4.848585e-01
nrows=46416, nvals=21544, dt1=4.951120e-05, dt=4.685462e-01
nrows=100000, nvals=10000, dt1=2.974621e-05, dt=5.933744e-01
nrows=215443, nvals=4642, dt1=1.336914e-05, dt=1.198556e+00
nrows=464159, nvals=2154, dt1=5.288981e-06, dt=1.743200e+00
Wed Dec  1 10:21:14 2021
nrows=621, nvals=1610262, dt1=3.715485e-03, dt=4.697914e-01
nrows=1269, nvals=788046, dt1=2.549960e-03, dt=4.741201e-01
nrows=2593, nvals=385662, dt1=9.769381e-04, dt=4.658219e-01
nrows=5298, nvals=188739, dt1=4.334420e-04, dt=4.639927e-01
nrows=10826, nvals=92367, dt1=2.115390e-04, dt=4.722462e-01
nrows=22122, nvals=45204, dt1=1.142169e-04, dt=4.702806e-01
nrows=45204, nvals=22122, dt1=5.096290e-05, dt=4.808570e-01
nrows=92367, nvals=10826, dt1=2.766401e-05, dt=5.815584e-01
nrows=188739, nvals=5298, dt1=1.325808e-05, dt=1.106931e+00
nrows=385662, nvals=2593, dt1=6.255927e-06, dt=1.557569e+00
Wed Dec  1 10:21:32 2021
nrows=649, nvals=1539927, dt1=4.976155e-03, dt=4.760386e-01
nrows=1241, nvals=805842, dt1=2.371991e-03, dt=4.503894e-01
nrows=2371, nvals=421697, dt1=1.112466e-03, dt=4.593974e-01
nrows=4532, nvals=220673, dt1=7.493850e-04, dt=4.583524e-01
nrows=8660, nvals=115478, dt1=2.638549e-04, dt=4.607239e-01
nrows=16548, nvals=60430, dt1=1.637291e-04, dt=4.656733e-01
nrows=31623, nvals=31623, dt1=7.734704e-05, dt=4.645901e-01
nrows=60430, nvals=16548, dt1=3.824895e-05, dt=4.706828e-01
nrows=115478, nvals=8660, dt1=3.672903e-05, dt=5.865596e-01
nrows=220673, nvals=4532, dt1=1.356704e-05, dt=1.027246e+00
Wed Dec  1 10:22:55 2021
ratio=1.34453
nrows=373, nvals=2682696, dt1=6.141389e-03, dt=5.594706e-01
nrows=501, nvals=1995262, dt1=5.083600e-03, dt=4.529579e-01
nrows=674, nvals=1483982, dt1=3.445268e-03, dt=4.608582e-01
nrows=906, nvals=1103716, dt1=2.679707e-03, dt=4.621905e-01
nrows=1218, nvals=820891, dt1=2.244285e-03, dt=4.539945e-01
nrows=1638, nvals=610540, dt1=1.564285e-03, dt=4.619469e-01
nrows=2202, nvals=454091, dt1=1.353236e-03, dt=4.552328e-01
nrows=2961, nvals=337731, dt1=8.683752e-04, dt=4.536825e-01
nrows=3981, nvals=251189, dt1=7.265080e-04, dt=4.721902e-01
nrows=5353, nvals=186822, dt1=5.158419e-04, dt=4.790274e-01
nrows=7197, nvals=138950, dt1=3.626291e-04, dt=4.640867e-01
nrows=9676, nvals=103344, dt1=3.423560e-04, dt=4.584083e-01
nrows=13010, nvals=76862, dt1=2.391520e-04, dt=4.591253e-01
nrows=17493, nvals=57167, dt1=1.549800e-04, dt=4.545939e-01
nrows=23520, nvals=42518, dt1=1.153450e-04, dt=4.992421e-01
nrows=31623, nvals=31623, dt1=9.230198e-05, dt=4.773967e-01
nrows=42518, nvals=23520, dt1=6.876001e-05, dt=4.534757e-01
nrows=57167, nvals=17493, dt1=4.427298e-05, dt=5.922693e-01
nrows=76862, nvals=13010, dt1=3.202702e-05, dt=5.681662e-01
nrows=103344, nvals=9676, dt1=2.770289e-05, dt=5.912010e-01
Wed Dec  1 10:23:44 2021
ratio=1.45759
nrows=285, nvals=3511192, dt1=9.675751e-03, dt=4.693976e-01
nrows=415, nvals=2408897, dt1=6.231992e-03, dt=4.709262e-01
nrows=605, nvals=1652654, dt1=3.972074e-03, dt=4.530589e-01
nrows=882, nvals=1133824, dt1=2.768273e-03, dt=4.723847e-01
nrows=1286, nvals=777874, dt1=2.251902e-03, dt=4.586115e-01
nrows=1874, nvals=533670, dt1=1.429416e-03, dt=4.663182e-01
nrows=2731, nvals=366131, dt1=9.262732e-04, dt=4.672113e-01
nrows=3981, nvals=251189, dt1=6.219230e-04, dt=4.640556e-01
nrows=5803, nvals=172331, dt1=3.936249e-04, dt=4.709857e-01
nrows=8458, nvals=118230, dt1=2.705161e-04, dt=4.719701e-01
nrows=12328, nvals=81113, dt1=2.038090e-04, dt=4.644242e-01
nrows=17970, nvals=55649, dt1=1.273809e-04, dt=4.776123e-01
nrows=26193, nvals=38178, dt1=1.031421e-04, dt=4.998025e-01
nrows=38178, nvals=26193, dt1=7.992494e-05, dt=4.622131e-01
nrows=55649, nvals=17970, dt1=4.126201e-05, dt=4.735083e-01
nrows=81113, nvals=12328, dt1=2.842396e-05, dt=5.745290e-01
nrows=118230, nvals=8458, dt1=2.315314e-05, dt=7.503206e-01
nrows=172331, nvals=5803, dt1=3.153621e-05, dt=9.038817e-01
nrows=251189, nvals=3981, dt1=9.453855e-06, dt=1.204262e+00
nrows=366131, nvals=2731, dt1=7.052906e-06, dt=1.620826e+00
Wed Dec  1 10:32:46 2021
ratio=1.45759
nrows=285, nvals=3511192, dt1=8.046351e-03, dt=5.685388e-01
nrows=415, nvals=2408897, dt1=8.709583e-03, dt=4.691734e-01
nrows=605, nvals=1652654, dt1=5.746897e-03, dt=4.579711e-01
nrows=882, nvals=1133824, dt1=3.070565e-03, dt=3.645027e-01
nrows=1286, nvals=777874, dt1=2.269078e-03, dt=4.580109e-01
nrows=1874, nvals=533670, dt1=1.402128e-03, dt=3.681377e-01
nrows=2731, nvals=366131, dt1=1.280435e-03, dt=4.554876e-01
nrows=3981, nvals=251189, dt1=6.058009e-04, dt=4.719922e-01
nrows=5803, nvals=172331, dt1=6.173512e-04, dt=4.577619e-01
nrows=8458, nvals=118230, dt1=3.711919e-04, dt=4.701465e-01
nrows=12328, nvals=81113, dt1=2.354169e-04, dt=4.828755e-01
nrows=17970, nvals=55649, dt1=1.273479e-04, dt=4.834808e-01
nrows=26193, nvals=38178, dt1=8.758996e-05, dt=4.698938e-01
nrows=38178, nvals=26193, dt1=7.997197e-05, dt=4.758203e-01
nrows=55649, nvals=17970, dt1=5.250680e-05, dt=4.768033e-01
nrows=81113, nvals=12328, dt1=2.849894e-05, dt=6.023086e-01
nrows=118230, nvals=8458, dt1=1.965510e-05, dt=7.931931e-01
nrows=172331, nvals=5803, dt1=1.359987e-05, dt=8.893239e-01
nrows=251189, nvals=3981, dt1=9.366078e-06, dt=1.174510e+00
nrows=366131, nvals=2731, dt1=7.000053e-06, dt=1.602416e+00
Wed Dec  1 10:36:48 2021
nprocs=4, ratio=1.45759
nrows=285, nvals=3511192, dt1=8.336110e-03, dt=8.374898e-01
nrows=415, nvals=2408897, dt1=5.728143e-03, dt=7.297631e-01
nrows=605, nvals=1652654, dt1=4.838913e-03, dt=7.278015e-01
nrows=882, nvals=1133824, dt1=2.810203e-03, dt=7.276965e-01
nrows=1286, nvals=777874, dt1=1.986720e-03, dt=7.278950e-01
nrows=1874, nvals=533670, dt1=1.428730e-03, dt=7.280162e-01
nrows=2731, nvals=366131, dt1=9.047349e-04, dt=7.296632e-01
nrows=3981, nvals=251189, dt1=8.522361e-04, dt=7.288443e-01
nrows=5803, nvals=172331, dt1=5.810719e-04, dt=7.282010e-01
nrows=8458, nvals=118230, dt1=3.229100e-04, dt=7.283617e-01
nrows=12328, nvals=81113, dt1=2.936111e-04, dt=7.348421e-01
nrows=17970, nvals=55649, dt1=1.564082e-04, dt=8.406074e-01
nrows=26193, nvals=38178, dt1=9.964406e-05, dt=8.411424e-01
nrows=38178, nvals=26193, dt1=7.365784e-05, dt=9.747000e-01
nrows=55649, nvals=17970, dt1=4.137703e-05, dt=8.301660e-01
nrows=81113, nvals=12328, dt1=2.863305e-05, dt=8.738153e-01
nrows=118230, nvals=8458, dt1=2.240320e-05, dt=9.822259e-01
nrows=172331, nvals=5803, dt1=1.442106e-05, dt=1.004130e+00
nrows=251189, nvals=3981, dt1=9.421958e-06, dt=1.310016e+00
nrows=366131, nvals=2731, dt1=6.610062e-06, dt=1.587764e+00
Wed Dec  1 10:37:06 2021
nprocs=12, ratio=1.45759
nrows=285, nvals=3511192, dt1=9.185658e-03, dt=3.821945e-01
nrows=415, nvals=2408897, dt1=6.526568e-03, dt=4.029823e-01
nrows=605, nvals=1652654, dt1=5.206669e-03, dt=3.853019e-01
nrows=882, nvals=1133824, dt1=3.292593e-03, dt=4.041352e-01
nrows=1286, nvals=777874, dt1=2.316246e-03, dt=3.925315e-01
nrows=1874, nvals=533670, dt1=1.452674e-03, dt=3.729605e-01
nrows=2731, nvals=366131, dt1=9.088421e-04, dt=3.746005e-01
nrows=3981, nvals=251189, dt1=6.699541e-04, dt=3.808390e-01
nrows=5803, nvals=172331, dt1=5.743732e-04, dt=3.789955e-01
nrows=8458, nvals=118230, dt1=3.426059e-04, dt=3.781383e-01
nrows=12328, nvals=81113, dt1=2.678130e-04, dt=4.714662e-01
nrows=17970, nvals=55649, dt1=1.618790e-04, dt=3.986972e-01
nrows=26193, nvals=38178, dt1=1.110770e-04, dt=4.154918e-01
nrows=38178, nvals=26193, dt1=1.059680e-04, dt=4.866937e-01
nrows=55649, nvals=17970, dt1=4.134490e-05, dt=4.922923e-01
nrows=81113, nvals=12328, dt1=3.649807e-05, dt=5.884368e-01
nrows=118230, nvals=8458, dt1=1.965812e-05, dt=9.197553e-01
nrows=172331, nvals=5803, dt1=1.498405e-05, dt=9.450167e-01
nrows=251189, nvals=3981, dt1=1.197914e-05, dt=1.234571e+00
nrows=366131, nvals=2731, dt1=7.081078e-06, dt=1.771756e+00
Wed Dec  1 10:37:17 2021
nprocs=24, ratio=1.45759
nrows=285, nvals=3511192, dt1=9.275396e-03, dt=4.923810e-01
nrows=415, nvals=2408897, dt1=6.573347e-03, dt=4.646262e-01
nrows=605, nvals=1652654, dt1=4.707750e-03, dt=4.366871e-01
nrows=882, nvals=1133824, dt1=3.820066e-03, dt=4.796906e-01
nrows=1286, nvals=777874, dt1=2.175752e-03, dt=4.912873e-01
nrows=1874, nvals=533670, dt1=1.333817e-03, dt=4.970476e-01
nrows=2731, nvals=366131, dt1=9.342099e-04, dt=4.896956e-01
nrows=3981, nvals=251189, dt1=7.480609e-04, dt=5.095912e-01
nrows=5803, nvals=172331, dt1=4.934222e-04, dt=5.051117e-01
nrows=8458, nvals=118230, dt1=3.352109e-04, dt=4.868155e-01
nrows=12328, nvals=81113, dt1=2.325010e-04, dt=5.207536e-01
nrows=17970, nvals=55649, dt1=1.273919e-04, dt=5.082972e-01
nrows=26193, nvals=38178, dt1=9.318907e-05, dt=5.850883e-01
nrows=38178, nvals=26193, dt1=7.089507e-05, dt=5.502320e-01
nrows=55649, nvals=17970, dt1=4.700990e-05, dt=6.248208e-01
nrows=81113, nvals=12328, dt1=4.533213e-05, dt=7.428477e-01
nrows=118230, nvals=8458, dt1=2.495595e-05, dt=7.721588e-01
nrows=172331, nvals=5803, dt1=1.445902e-05, dt=1.115170e+00
nrows=251189, nvals=3981, dt1=9.425916e-06, dt=1.487389e+00
nrows=366131, nvals=2731, dt1=6.562099e-06, dt=1.749683e+00
Wed Dec  1 10:37:31 2021
nprocs=36, ratio=1.45759
nrows=285, nvals=3511192, dt1=9.184432e-03, dt=6.066093e-01
nrows=415, nvals=2408897, dt1=6.472732e-03, dt=6.433899e-01
nrows=605, nvals=1652654, dt1=4.422469e-03, dt=5.703327e-01
nrows=882, nvals=1133824, dt1=3.209000e-03, dt=6.355716e-01
nrows=1286, nvals=777874, dt1=2.169576e-03, dt=6.814884e-01
nrows=1874, nvals=533670, dt1=1.370868e-03, dt=5.941014e-01
nrows=2731, nvals=366131, dt1=1.075119e-03, dt=6.397108e-01
nrows=3981, nvals=251189, dt1=7.538451e-04, dt=5.976666e-01
nrows=5803, nvals=172331, dt1=5.848610e-04, dt=6.712895e-01
nrows=8458, nvals=118230, dt1=2.710151e-04, dt=7.016432e-01
nrows=12328, nvals=81113, dt1=2.460431e-04, dt=6.500928e-01
nrows=17970, nvals=55649, dt1=1.531639e-04, dt=6.775274e-01
nrows=26193, nvals=38178, dt1=1.233439e-04, dt=7.478620e-01
nrows=38178, nvals=26193, dt1=7.636216e-05, dt=8.056636e-01
nrows=55649, nvals=17970, dt1=4.149415e-05, dt=7.215328e-01
nrows=81113, nvals=12328, dt1=3.624498e-05, dt=8.779567e-01
nrows=118230, nvals=8458, dt1=1.983601e-05, dt=9.113641e-01
nrows=172331, nvals=5803, dt1=1.732097e-05, dt=1.161262e+00
nrows=251189, nvals=3981, dt1=9.446871e-06, dt=1.701697e+00
nrows=366131, nvals=2731, dt1=6.557908e-06, dt=2.099477e+00
Wed Dec  1 10:38:23 2021
nprocs=4, ratio=1.47847
nrows=353, nvals=2836810, dt1=6.506044e-03, dt=8.361258e-01
nrows=521, nvals=1918752, dt1=5.952506e-03, dt=7.295168e-01
nrows=771, nvals=1297799, dt1=3.564667e-03, dt=7.282833e-01
nrows=1139, nvals=877801, dt1=2.149531e-03, dt=7.278418e-01
nrows=1684, nvals=593724, dt1=1.504416e-03, dt=7.270204e-01
nrows=2490, nvals=401581, dt1=1.183222e-03, dt=7.319825e-01
nrows=3682, nvals=271620, dt1=8.346420e-04, dt=7.292639e-01
nrows=5443, nvals=183718, dt1=5.765760e-04, dt=7.289448e-01
nrows=8047, nvals=124262, dt1=3.158310e-04, dt=7.300540e-01
nrows=11898, nvals=84048, dt1=2.052861e-04, dt=7.293792e-01
nrows=17591, nvals=56848, dt1=1.358651e-04, dt=7.331896e-01
nrows=26007, nvals=38451, dt1=8.836505e-05, dt=7.320604e-01
nrows=38451, nvals=26007, dt1=5.969289e-05, dt=8.323606e-01
nrows=56848, nvals=17591, dt1=4.312303e-05, dt=8.505631e-01
nrows=84048, nvals=11898, dt1=2.929009e-05, dt=8.794607e-01
nrows=124262, nvals=8047, dt1=1.872214e-05, dt=9.771761e-01
nrows=183718, nvals=5443, dt1=1.274608e-05, dt=1.045995e+00
nrows=271620, nvals=3682, dt1=8.754898e-06, dt=1.190427e+00
nrows=401581, nvals=2490, dt1=5.993992e-06, dt=1.770243e+00
nrows=593724, nvals=1684, dt1=4.216097e-06, dt=2.803603e+00
Wed Dec  1 10:38:43 2021
nprocs=12, ratio=1.47847
nrows=353, nvals=2836810, dt1=6.517214e-03, dt=3.968226e-01
nrows=521, nvals=1918752, dt1=6.310735e-03, dt=3.786037e-01
nrows=771, nvals=1297799, dt1=3.425835e-03, dt=4.011242e-01
nrows=1139, nvals=877801, dt1=2.343526e-03, dt=3.870241e-01
nrows=1684, nvals=593724, dt1=1.513704e-03, dt=3.839551e-01
nrows=2490, nvals=401581, dt1=1.153234e-03, dt=3.902628e-01
nrows=3682, nvals=271620, dt1=6.975359e-04, dt=3.696950e-01
nrows=5443, nvals=183718, dt1=6.038309e-04, dt=3.817538e-01
nrows=8047, nvals=124262, dt1=3.726291e-04, dt=3.766995e-01
nrows=11898, nvals=84048, dt1=2.613212e-04, dt=3.966093e-01
nrows=17591, nvals=56848, dt1=1.299069e-04, dt=4.096576e-01
nrows=26007, nvals=38451, dt1=1.231299e-04, dt=4.781293e-01
nrows=38451, nvals=26007, dt1=5.985587e-05, dt=4.901847e-01
nrows=56848, nvals=17591, dt1=4.061894e-05, dt=4.915296e-01
nrows=84048, nvals=11898, dt1=3.500096e-05, dt=6.005744e-01
nrows=124262, nvals=8047, dt1=1.989095e-05, dt=7.164649e-01
nrows=183718, nvals=5443, dt1=1.278403e-05, dt=9.922949e-01
nrows=271620, nvals=3682, dt1=2.758997e-05, dt=1.345451e+00
nrows=401581, nvals=2490, dt1=7.670140e-06, dt=1.766397e+00
nrows=593724, nvals=1684, dt1=4.280126e-06, dt=2.426369e+00
Wed Dec  1 10:38:56 2021
nprocs=24, ratio=1.47847
nrows=353, nvals=2836810, dt1=6.719944e-03, dt=3.973747e-01
nrows=521, nvals=1918752, dt1=5.506226e-03, dt=4.811713e-01
nrows=771, nvals=1297799, dt1=3.800087e-03, dt=4.714059e-01
nrows=1139, nvals=877801, dt1=2.525274e-03, dt=5.105262e-01
nrows=1684, nvals=593724, dt1=1.477865e-03, dt=4.886226e-01
nrows=2490, nvals=401581, dt1=1.068777e-03, dt=4.962803e-01
nrows=3682, nvals=271620, dt1=6.664309e-04, dt=4.903657e-01
nrows=5443, nvals=183718, dt1=5.216950e-04, dt=4.896304e-01
nrows=8047, nvals=124262, dt1=3.197568e-04, dt=5.573494e-01
nrows=11898, nvals=84048, dt1=2.819391e-04, dt=5.265037e-01
nrows=17591, nvals=56848, dt1=1.651910e-04, dt=5.451686e-01
nrows=26007, nvals=38451, dt1=1.123031e-04, dt=5.419288e-01
nrows=38451, nvals=26007, dt1=7.567322e-05, dt=5.684754e-01
nrows=56848, nvals=17591, dt1=6.647105e-05, dt=6.551882e-01
nrows=84048, nvals=11898, dt1=2.932618e-05, dt=7.454866e-01
nrows=124262, nvals=8047, dt1=4.338892e-05, dt=8.945612e-01
nrows=183718, nvals=5443, dt1=1.279404e-05, dt=1.097391e+00
nrows=271620, nvals=3682, dt1=1.107296e-05, dt=1.441215e+00
nrows=401581, nvals=2490, dt1=6.015878e-06, dt=2.028274e+00
nrows=593724, nvals=1684, dt1=4.190020e-06, dt=2.727967e+00
Wed Dec  1 10:39:12 2021
nprocs=36, ratio=1.47847
nrows=353, nvals=2836810, dt1=6.559319e-03, dt=5.978766e-01
nrows=521, nvals=1918752, dt1=4.858527e-03, dt=7.019657e-01
nrows=771, nvals=1297799, dt1=3.476950e-03, dt=6.009599e-01
nrows=1139, nvals=877801, dt1=2.211942e-03, dt=6.470798e-01
nrows=1684, nvals=593724, dt1=1.709434e-03, dt=6.841830e-01
nrows=2490, nvals=401581, dt1=1.014888e-03, dt=5.779910e-01
nrows=3682, nvals=271620, dt1=8.068308e-04, dt=6.853110e-01
nrows=5443, nvals=183718, dt1=4.546389e-04, dt=6.424981e-01
nrows=8047, nvals=124262, dt1=4.334061e-04, dt=6.512817e-01
nrows=11898, nvals=84048, dt1=1.927458e-04, dt=6.578758e-01
nrows=17591, nvals=56848, dt1=1.300960e-04, dt=6.899728e-01
nrows=26007, nvals=38451, dt1=1.283600e-04, dt=7.387159e-01
nrows=38451, nvals=26007, dt1=5.989801e-05, dt=8.193929e-01
nrows=56848, nvals=17591, dt1=4.065991e-05, dt=8.029716e-01
nrows=84048, nvals=11898, dt1=2.759416e-05, dt=8.324189e-01
nrows=124262, nvals=8047, dt1=2.390193e-05, dt=1.045464e+00
nrows=183718, nvals=5443, dt1=1.292606e-05, dt=1.193720e+00
nrows=271620, nvals=3682, dt1=1.102709e-05, dt=1.507000e+00
nrows=401581, nvals=2490, dt1=6.017042e-06, dt=1.960336e+00
nrows=593724, nvals=1684, dt1=4.172791e-06, dt=3.114340e+00
Wed Dec  1 10:40:05 2021
nprocs=4, ratio=1.47847
nrows=353, nvals=2836810, dt1=6.505869e-03, dt=8.378018e-01
nrows=521, nvals=1918752, dt1=5.001921e-03, dt=7.316725e-01
nrows=771, nvals=1297799, dt1=3.694309e-03, dt=7.281880e-01
nrows=1139, nvals=877801, dt1=2.311136e-03, dt=7.288680e-01
nrows=1684, nvals=593724, dt1=1.769906e-03, dt=7.305915e-01
nrows=2490, nvals=401581, dt1=1.002882e-03, dt=7.283978e-01
nrows=3682, nvals=271620, dt1=8.104190e-04, dt=7.294481e-01
nrows=5443, nvals=183718, dt1=6.396929e-04, dt=7.335328e-01
nrows=8047, nvals=124262, dt1=3.159130e-04, dt=8.386856e-01
nrows=11898, nvals=84048, dt1=1.922222e-04, dt=7.458255e-01
nrows=17591, nvals=56848, dt1=1.486610e-04, dt=7.321508e-01
nrows=26007, nvals=38451, dt1=8.818414e-05, dt=8.363406e-01
nrows=38451, nvals=26007, dt1=5.969498e-05, dt=8.420936e-01
nrows=56848, nvals=17591, dt1=4.062406e-05, dt=8.556817e-01
nrows=84048, nvals=11898, dt1=3.141514e-05, dt=8.815687e-01
nrows=124262, nvals=8047, dt1=1.872610e-05, dt=8.901672e-01
nrows=183718, nvals=5443, dt1=1.496798e-05, dt=1.080567e+00
nrows=271620, nvals=3682, dt1=8.718111e-06, dt=1.207941e+00
nrows=401581, nvals=2490, dt1=6.787013e-06, dt=1.951391e+00
nrows=593724, nvals=1684, dt1=4.729023e-06, dt=2.926172e+00
Wed Dec  1 10:40:25 2021
nprocs=12, ratio=1.47847
nrows=353, nvals=2836810, dt1=6.560215e-03, dt=4.116569e-01
nrows=521, nvals=1918752, dt1=4.794218e-03, dt=4.099877e-01
nrows=771, nvals=1297799, dt1=4.131703e-03, dt=3.731335e-01
nrows=1139, nvals=877801, dt1=2.390067e-03, dt=3.824896e-01
nrows=1684, nvals=593724, dt1=1.491850e-03, dt=3.895504e-01
nrows=2490, nvals=401581, dt1=1.176127e-03, dt=3.919273e-01
nrows=3682, nvals=271620, dt1=8.369242e-04, dt=3.781058e-01
nrows=5443, nvals=183718, dt1=4.523671e-04, dt=3.740442e-01
nrows=8047, nvals=124262, dt1=4.688909e-04, dt=3.884473e-01
nrows=11898, nvals=84048, dt1=2.530289e-04, dt=3.893801e-01
nrows=17591, nvals=56848, dt1=1.658380e-04, dt=4.106710e-01
nrows=26007, nvals=38451, dt1=8.807704e-05, dt=4.042830e-01
nrows=38451, nvals=26007, dt1=5.976995e-05, dt=3.971344e-01
nrows=56848, nvals=17591, dt1=4.046410e-05, dt=4.851032e-01
nrows=84048, nvals=11898, dt1=2.936483e-05, dt=5.982599e-01
nrows=124262, nvals=8047, dt1=5.230494e-05, dt=7.010720e-01
nrows=183718, nvals=5443, dt1=1.274212e-05, dt=9.552935e-01
nrows=271620, nvals=3682, dt1=1.112907e-05, dt=1.403189e+00
nrows=401581, nvals=2490, dt1=6.019138e-06, dt=1.812867e+00
nrows=593724, nvals=1684, dt1=5.347189e-06, dt=2.541528e+00
Wed Dec  1 10:40:39 2021
nprocs=24, ratio=1.47847
nrows=353, nvals=2836810, dt1=7.430209e-03, dt=4.911346e-01
nrows=521, nvals=1918752, dt1=4.849556e-03, dt=4.783083e-01
nrows=771, nvals=1297799, dt1=3.488555e-03, dt=4.620366e-01
nrows=1139, nvals=877801, dt1=2.917457e-03, dt=5.067310e-01
nrows=1684, nvals=593724, dt1=1.497368e-03, dt=4.895741e-01
nrows=2490, nvals=401581, dt1=1.208094e-03, dt=5.117107e-01
nrows=3682, nvals=271620, dt1=7.203331e-04, dt=5.022329e-01
nrows=5443, nvals=183718, dt1=6.260660e-04, dt=5.294472e-01
nrows=8047, nvals=124262, dt1=2.841169e-04, dt=5.181723e-01
nrows=11898, nvals=84048, dt1=2.112901e-04, dt=5.041534e-01
nrows=17591, nvals=56848, dt1=1.307069e-04, dt=5.252631e-01
nrows=26007, nvals=38451, dt1=8.832198e-05, dt=5.251891e-01
nrows=38451, nvals=26007, dt1=5.978998e-05, dt=6.058012e-01
nrows=56848, nvals=17591, dt1=4.049391e-05, dt=6.426010e-01
nrows=84048, nvals=11898, dt1=2.765516e-05, dt=6.982438e-01
nrows=124262, nvals=8047, dt1=3.952603e-05, dt=8.963436e-01
nrows=183718, nvals=5443, dt1=1.281314e-05, dt=1.017387e+00
nrows=271620, nvals=3682, dt1=1.108018e-05, dt=1.473856e+00
nrows=401581, nvals=2490, dt1=7.657101e-06, dt=1.873559e+00
nrows=593724, nvals=1684, dt1=4.915986e-06, dt=2.681149e+00
Wed Dec  1 10:40:55 2021
nprocs=36, ratio=1.47847
nrows=353, nvals=2836810, dt1=6.646805e-03, dt=5.221931e-01
nrows=521, nvals=1918752, dt1=5.960181e-03, dt=7.126253e-01
nrows=771, nvals=1297799, dt1=3.675082e-03, dt=6.144720e-01
nrows=1139, nvals=877801, dt1=2.249686e-03, dt=6.383115e-01
nrows=1684, nvals=593724, dt1=1.754169e-03, dt=6.642762e-01
nrows=2490, nvals=401581, dt1=1.012094e-03, dt=5.981083e-01
nrows=3682, nvals=271620, dt1=6.915201e-04, dt=6.208427e-01
nrows=5443, nvals=183718, dt1=5.930781e-04, dt=6.879246e-01
nrows=8047, nvals=124262, dt1=4.669898e-04, dt=7.229585e-01
nrows=11898, nvals=84048, dt1=2.896681e-04, dt=7.114040e-01
nrows=17591, nvals=56848, dt1=1.805972e-04, dt=7.105702e-01
nrows=26007, nvals=38451, dt1=8.836715e-05, dt=7.283120e-01
nrows=38451, nvals=26007, dt1=7.935008e-05, dt=7.413186e-01
nrows=56848, nvals=17591, dt1=4.045409e-05, dt=8.199008e-01
nrows=84048, nvals=11898, dt1=2.751499e-05, dt=8.866171e-01
nrows=124262, nvals=8047, dt1=1.871306e-05, dt=1.021990e+00
nrows=183718, nvals=5443, dt1=1.615006e-05, dt=1.177315e+00
nrows=271620, nvals=3682, dt1=1.127901e-05, dt=1.746443e+00
nrows=401581, nvals=2490, dt1=6.034970e-06, dt=2.019606e+00
nrows=593724, nvals=1684, dt1=4.639849e-06, dt=3.211804e+00
Wed Dec  1 10:43:00 2021
nprocs=4, ratio=1.47847
nrows=353, nvals=2836810, dt1=6.504570e-03, dt=8.363915e-01
nrows=521, nvals=1918752, dt1=5.434363e-03, dt=7.297831e-01
nrows=771, nvals=1297799, dt1=3.849626e-03, dt=7.292565e-01
nrows=1139, nvals=877801, dt1=2.475508e-03, dt=7.285846e-01
nrows=1684, nvals=593724, dt1=1.706881e-03, dt=7.292063e-01
nrows=2490, nvals=401581, dt1=1.019882e-03, dt=7.284723e-01
nrows=3682, nvals=271620, dt1=9.115739e-04, dt=7.294400e-01
nrows=5443, nvals=183718, dt1=4.731750e-04, dt=7.305024e-01
nrows=8047, nvals=124262, dt1=3.001629e-04, dt=7.284442e-01
nrows=11898, nvals=84048, dt1=1.925740e-04, dt=7.335562e-01
nrows=17591, nvals=56848, dt1=1.670779e-04, dt=7.299961e-01
nrows=26007, nvals=38451, dt1=9.705592e-05, dt=8.368331e-01
nrows=38451, nvals=26007, dt1=1.013752e-04, dt=8.397587e-01
nrows=56848, nvals=17591, dt1=4.057493e-05, dt=8.668610e-01
nrows=84048, nvals=11898, dt1=2.926611e-05, dt=9.404615e-01
nrows=124262, nvals=8047, dt1=2.200389e-05, dt=9.209812e-01
nrows=183718, nvals=5443, dt1=1.404295e-05, dt=1.094174e+00
nrows=271620, nvals=3682, dt1=8.754898e-06, dt=1.208674e+00
nrows=401581, nvals=2490, dt1=6.028917e-06, dt=1.847576e+00
nrows=593724, nvals=1684, dt1=4.236121e-06, dt=2.753607e+00
Wed Dec  1 10:43:20 2021
nprocs=12, ratio=1.47847
nrows=353, nvals=2836810, dt1=7.137869e-03, dt=4.081040e-01
nrows=521, nvals=1918752, dt1=4.675283e-03, dt=4.130676e-01
nrows=771, nvals=1297799, dt1=3.779331e-03, dt=3.919423e-01
nrows=1139, nvals=877801, dt1=2.706987e-03, dt=3.816961e-01
nrows=1684, nvals=593724, dt1=1.561338e-03, dt=3.909964e-01
nrows=2490, nvals=401581, dt1=1.201658e-03, dt=3.945813e-01
nrows=3682, nvals=271620, dt1=6.824341e-04, dt=3.828877e-01
nrows=5443, nvals=183718, dt1=4.212919e-04, dt=3.800826e-01
nrows=8047, nvals=124262, dt1=2.837558e-04, dt=3.892539e-01
nrows=11898, nvals=84048, dt1=2.298441e-04, dt=3.936626e-01
nrows=17591, nvals=56848, dt1=1.650569e-04, dt=4.048299e-01
nrows=26007, nvals=38451, dt1=8.816598e-05, dt=4.124547e-01
nrows=38451, nvals=26007, dt1=5.982001e-05, dt=4.860370e-01
nrows=56848, nvals=17591, dt1=4.050019e-05, dt=4.990115e-01
nrows=84048, nvals=11898, dt1=2.746587e-05, dt=6.017069e-01
nrows=124262, nvals=8047, dt1=1.868210e-05, dt=7.195198e-01
nrows=183718, nvals=5443, dt1=1.286995e-05, dt=1.214558e+00
nrows=271620, nvals=3682, dt1=8.679926e-06, dt=1.330207e+00
nrows=401581, nvals=2490, dt1=6.034970e-06, dt=1.848694e+00
nrows=593724, nvals=1684, dt1=5.020062e-06, dt=2.525266e+00
Wed Dec  1 10:43:34 2021
nprocs=24, ratio=1.47847
nrows=353, nvals=2836810, dt1=7.213535e-03, dt=4.893022e-01
nrows=521, nvals=1918752, dt1=6.120351e-03, dt=5.027530e-01
nrows=771, nvals=1297799, dt1=3.978003e-03, dt=4.003443e-01
nrows=1139, nvals=877801, dt1=2.509990e-03, dt=4.994459e-01
nrows=1684, nvals=593724, dt1=1.532946e-03, dt=5.133106e-01
nrows=2490, nvals=401581, dt1=1.072996e-03, dt=4.615332e-01
nrows=3682, nvals=271620, dt1=7.971451e-04, dt=4.967721e-01
nrows=5443, nvals=183718, dt1=5.066942e-04, dt=5.212469e-01
nrows=8047, nvals=124262, dt1=3.021711e-04, dt=5.194058e-01
nrows=11898, nvals=84048, dt1=2.575479e-04, dt=5.212645e-01
nrows=17591, nvals=56848, dt1=1.653039e-04, dt=5.423634e-01
nrows=26007, nvals=38451, dt1=1.144989e-04, dt=5.538553e-01
nrows=38451, nvals=26007, dt1=5.982001e-05, dt=6.193220e-01
nrows=56848, nvals=17591, dt1=4.058494e-05, dt=5.816137e-01
nrows=84048, nvals=11898, dt1=2.745399e-05, dt=7.916246e-01
nrows=124262, nvals=8047, dt1=1.882412e-05, dt=8.704775e-01
nrows=183718, nvals=5443, dt1=3.166590e-05, dt=1.057332e+00
nrows=271620, nvals=3682, dt1=1.106597e-05, dt=1.567868e+00
nrows=401581, nvals=2490, dt1=6.908085e-06, dt=1.822107e+00
nrows=593724, nvals=1684, dt1=5.368143e-06, dt=2.763193e+00
Wed Dec  1 10:43:50 2021
nprocs=36, ratio=1.47847
nrows=353, nvals=2836810, dt1=7.702077e-03, dt=6.008973e-01
nrows=521, nvals=1918752, dt1=5.341253e-03, dt=5.747249e-01
nrows=771, nvals=1297799, dt1=3.659232e-03, dt=6.234370e-01
nrows=1139, nvals=877801, dt1=2.397078e-03, dt=7.063381e-01
nrows=1684, nvals=593724, dt1=1.725446e-03, dt=7.151091e-01
nrows=2490, nvals=401581, dt1=1.021335e-03, dt=6.047969e-01
nrows=3682, nvals=271620, dt1=6.923662e-04, dt=6.942902e-01
nrows=5443, nvals=183718, dt1=5.423829e-04, dt=6.571516e-01
nrows=8047, nvals=124262, dt1=3.220439e-04, dt=6.862718e-01
nrows=11898, nvals=84048, dt1=1.920040e-04, dt=7.637644e-01
nrows=17591, nvals=56848, dt1=1.385580e-04, dt=6.859463e-01
nrows=26007, nvals=38451, dt1=1.124369e-04, dt=7.643404e-01
nrows=38451, nvals=26007, dt1=5.981815e-05, dt=7.995661e-01
nrows=56848, nvals=17591, dt1=4.064804e-05, dt=8.625321e-01
nrows=84048, nvals=11898, dt1=3.489107e-05, dt=8.925924e-01
nrows=124262, nvals=8047, dt1=2.381415e-05, dt=1.012360e+00
nrows=183718, nvals=5443, dt1=1.623388e-05, dt=1.303914e+00
nrows=271620, nvals=3682, dt1=8.858042e-06, dt=1.796325e+00
nrows=401581, nvals=2490, dt1=7.681083e-06, dt=2.034707e+00
nrows=593724, nvals=1684, dt1=4.244037e-06, dt=3.008695e+00
Wed Dec  1 10:44:35 2021
nprocs=4, ratio=1.47847
Wed Dec  1 10:45:23 2021
nprocs=4, ratio=1.47847
nrows=353, nvals=2836810, dt1=6.492973e-03, dt=8.392431e-01
nrows=521, nvals=1918752, dt1=6.184106e-03, dt=7.329781e-01
nrows=771, nvals=1297799, dt1=3.768390e-03, dt=7.318454e-01
nrows=1139, nvals=877801, dt1=2.163368e-03, dt=7.314230e-01
nrows=1684, nvals=593724, dt1=1.828605e-03, dt=7.318953e-01
nrows=2490, nvals=401581, dt1=9.761222e-04, dt=7.305735e-01
nrows=3682, nvals=271620, dt1=8.099931e-04, dt=7.332794e-01
nrows=5443, nvals=183718, dt1=4.573409e-04, dt=7.323313e-01
nrows=8047, nvals=124262, dt1=2.847260e-04, dt=7.350548e-01
nrows=11898, nvals=84048, dt1=2.877270e-04, dt=7.343436e-01
nrows=17591, nvals=56848, dt1=1.305670e-04, dt=8.330102e-01
nrows=26007, nvals=38451, dt1=8.820603e-05, dt=7.406396e-01
nrows=38451, nvals=26007, dt1=6.367615e-05, dt=8.368058e-01
nrows=56848, nvals=17591, dt1=6.630505e-05, dt=8.571318e-01
nrows=84048, nvals=11898, dt1=3.235694e-05, dt=9.458630e-01
nrows=124262, nvals=8047, dt1=1.864601e-05, dt=9.752177e-01
nrows=183718, nvals=5443, dt1=1.502922e-05, dt=1.047563e+00
nrows=271620, nvals=3682, dt1=8.698087e-06, dt=1.439034e+00
nrows=401581, nvals=2490, dt1=6.654067e-06, dt=1.857624e+00
nrows=593724, nvals=1684, dt1=4.983973e-06, dt=2.931142e+00
Wed Dec  1 10:45:43 2021
nprocs=12, ratio=1.47847
nrows=353, nvals=2836810, dt1=8.402972e-03, dt=4.145998e-01
nrows=521, nvals=1918752, dt1=5.823140e-03, dt=4.198066e-01
nrows=771, nvals=1297799, dt1=3.417178e-03, dt=4.162325e-01
nrows=1139, nvals=877801, dt1=2.798988e-03, dt=3.905715e-01
nrows=1684, nvals=593724, dt1=2.051761e-03, dt=3.906352e-01
nrows=2490, nvals=401581, dt1=1.242602e-03, dt=3.850822e-01
nrows=3682, nvals=271620, dt1=7.096929e-04, dt=3.725891e-01
nrows=5443, nvals=183718, dt1=4.792670e-04, dt=3.817606e-01
nrows=8047, nvals=124262, dt1=4.126050e-04, dt=3.771191e-01
nrows=11898, nvals=84048, dt1=1.923949e-04, dt=4.029117e-01
nrows=17591, nvals=56848, dt1=1.651640e-04, dt=4.044309e-01
nrows=26007, nvals=38451, dt1=1.261409e-04, dt=4.291454e-01
nrows=38451, nvals=26007, dt1=7.606694e-05, dt=4.835508e-01
nrows=56848, nvals=17591, dt1=4.058797e-05, dt=4.997479e-01
nrows=84048, nvals=11898, dt1=3.496883e-05, dt=6.064154e-01
nrows=124262, nvals=8047, dt1=1.869607e-05, dt=9.087148e-01
nrows=183718, nvals=5443, dt1=1.269788e-05, dt=1.029002e+00
nrows=271620, nvals=3682, dt1=1.079217e-05, dt=1.398279e+00
nrows=401581, nvals=2490, dt1=6.145099e-06, dt=1.737588e+00
nrows=593724, nvals=1684, dt1=4.190020e-06, dt=2.408556e+00
Wed Dec  1 10:45:57 2021
nprocs=24, ratio=1.47847
nrows=353, nvals=2836810, dt1=7.435690e-03, dt=4.950727e-01
nrows=521, nvals=1918752, dt1=5.564991e-03, dt=4.833379e-01
nrows=771, nvals=1297799, dt1=3.555280e-03, dt=4.885661e-01
nrows=1139, nvals=877801, dt1=2.217175e-03, dt=4.951427e-01
nrows=1684, nvals=593724, dt1=1.738158e-03, dt=5.112855e-01
nrows=2490, nvals=401581, dt1=1.171721e-03, dt=4.790309e-01
nrows=3682, nvals=271620, dt1=7.223459e-04, dt=5.382685e-01
nrows=5443, nvals=183718, dt1=5.232170e-04, dt=5.314013e-01
nrows=8047, nvals=124262, dt1=2.837339e-04, dt=4.996201e-01
nrows=11898, nvals=84048, dt1=2.507688e-04, dt=4.837157e-01
nrows=17591, nvals=56848, dt1=1.305600e-04, dt=5.189282e-01
nrows=26007, nvals=38451, dt1=1.118709e-04, dt=5.355091e-01
nrows=38451, nvals=26007, dt1=5.978183e-05, dt=6.069279e-01
nrows=56848, nvals=17591, dt1=4.057493e-05, dt=6.790428e-01
nrows=84048, nvals=11898, dt1=2.757506e-05, dt=7.293840e-01
nrows=124262, nvals=8047, dt1=1.869793e-05, dt=9.042017e-01
nrows=183718, nvals=5443, dt1=1.291605e-05, dt=1.082608e+00
nrows=271620, nvals=3682, dt1=1.102709e-05, dt=1.618011e+00
nrows=401581, nvals=2490, dt1=6.457092e-06, dt=2.042137e+00
nrows=593724, nvals=1684, dt1=5.347189e-06, dt=2.511414e+00
Wed Dec  1 10:46:13 2021
nprocs=36, ratio=1.47847
nrows=353, nvals=2836810, dt1=6.860526e-03, dt=5.987485e-01
nrows=521, nvals=1918752, dt1=4.952807e-03, dt=6.444793e-01
nrows=771, nvals=1297799, dt1=4.470752e-03, dt=6.448686e-01
nrows=1139, nvals=877801, dt1=3.448499e-03, dt=7.120025e-01
nrows=1684, nvals=593724, dt1=1.702101e-03, dt=6.482589e-01
nrows=2490, nvals=401581, dt1=1.014400e-03, dt=6.632791e-01
nrows=3682, nvals=271620, dt1=7.362978e-04, dt=6.527457e-01
nrows=5443, nvals=183718, dt1=4.455552e-04, dt=6.897646e-01
nrows=8047, nvals=124262, dt1=3.355742e-04, dt=6.742386e-01
nrows=11898, nvals=84048, dt1=2.152000e-04, dt=6.541652e-01
nrows=17591, nvals=56848, dt1=1.306250e-04, dt=6.479833e-01
nrows=26007, nvals=38451, dt1=8.836319e-05, dt=7.418683e-01
nrows=38451, nvals=26007, dt1=7.588114e-05, dt=7.849029e-01
nrows=56848, nvals=17591, dt1=5.175290e-05, dt=8.777489e-01
nrows=84048, nvals=11898, dt1=2.757204e-05, dt=8.328745e-01
nrows=124262, nvals=8047, dt1=1.870305e-05, dt=1.011000e+00
nrows=183718, nvals=5443, dt1=1.267600e-05, dt=1.228044e+00
nrows=271620, nvals=3682, dt1=1.002499e-05, dt=1.615446e+00
nrows=401581, nvals=2490, dt1=7.604016e-06, dt=2.123708e+00
nrows=593724, nvals=1684, dt1=4.296890e-06, dt=2.673773e+00
Wed Dec  1 10:50:20 2021
nprocs=12, ratio=1.41561
nrows=184, nvals=544313, dt1=1.246822e-03, dt=3.106310e-01
nrows=260, nvals=384508, dt1=9.846890e-04, dt=2.490165e-01
nrows=368, nvals=271620, dt1=7.319450e-04, dt=2.455498e-01
nrows=521, nvals=191875, dt1=5.883309e-04, dt=2.568872e-01
nrows=738, nvals=135542, dt1=3.797640e-04, dt=2.578782e-01
nrows=1044, nvals=95749, dt1=3.073870e-04, dt=2.620322e-01
nrows=1478, nvals=67638, dt1=1.546300e-04, dt=2.633466e-01
nrows=2093, nvals=47780, dt1=1.164291e-04, dt=2.735144e-01
nrows=2963, nvals=33752, dt1=7.758103e-05, dt=2.507436e-01
nrows=4194, nvals=23843, dt1=5.472195e-05, dt=2.486366e-01
nrows=5937, nvals=16843, dt1=3.873906e-05, dt=2.551082e-01
nrows=8405, nvals=11898, dt1=3.483100e-05, dt=2.654793e-01
nrows=11898, nvals=8405, dt1=2.466398e-05, dt=2.622970e-01
nrows=16843, nvals=5937, dt1=1.386506e-05, dt=2.508824e-01
nrows=23843, nvals=4194, dt1=9.828014e-06, dt=2.663748e-01
nrows=33752, nvals=2963, dt1=7.122988e-06, dt=2.676061e-01
nrows=47780, nvals=2093, dt1=5.058013e-06, dt=3.589091e-01
nrows=67638, nvals=1478, dt1=3.652880e-06, dt=4.622927e-01
nrows=95749, nvals=1044, dt1=2.702931e-06, dt=4.753016e-01
nrows=135542, nvals=738, dt1=1.993962e-06, dt=7.082665e-01
Wed Dec  1 10:50:35 2021
nprocs=4, ratio=1.41561
nrows=184, nvals=544313, dt1=1.296616e-03, dt=1.257727e-01
nrows=260, nvals=384508, dt1=1.095504e-03, dt=1.193868e-01
nrows=368, nvals=271620, dt1=7.060240e-04, dt=1.190155e-01
nrows=521, nvals=191875, dt1=6.752119e-04, dt=1.194956e-01
nrows=738, nvals=135542, dt1=3.097169e-04, dt=1.186175e-01
nrows=1044, nvals=95749, dt1=2.813162e-04, dt=1.185296e-01
nrows=1478, nvals=67638, dt1=2.045489e-04, dt=1.182071e-01
nrows=2093, nvals=47780, dt1=1.097319e-04, dt=1.185652e-01
nrows=2963, nvals=33752, dt1=7.752003e-05, dt=1.181747e-01
nrows=4194, nvals=23843, dt1=5.838415e-05, dt=1.195660e-01
nrows=5937, nvals=16843, dt1=3.890204e-05, dt=1.178060e-01
nrows=8405, nvals=11898, dt1=4.488812e-05, dt=1.188554e-01
nrows=11898, nvals=8405, dt1=1.951284e-05, dt=2.182063e-01
nrows=16843, nvals=5937, dt1=1.476915e-05, dt=2.193554e-01
nrows=23843, nvals=4194, dt1=1.166086e-05, dt=2.216440e-01
nrows=33752, nvals=2963, dt1=2.357690e-05, dt=2.293592e-01
nrows=47780, nvals=2093, dt1=5.556038e-06, dt=3.367550e-01
nrows=67638, nvals=1478, dt1=3.895955e-06, dt=3.387335e-01
nrows=95749, nvals=1044, dt1=2.706889e-06, dt=5.333982e-01
nrows=135542, nvals=738, dt1=2.094079e-06, dt=6.096153e-01
Wed Dec  1 10:50:39 2021
nprocs=12, ratio=1.41561
nrows=184, nvals=544313, dt1=1.632960e-03, dt=2.639246e-01
nrows=260, nvals=384508, dt1=9.749830e-04, dt=2.655215e-01
nrows=368, nvals=271620, dt1=6.710449e-04, dt=2.788495e-01
nrows=521, nvals=191875, dt1=6.139919e-04, dt=2.691105e-01
nrows=738, nvals=135542, dt1=4.355020e-04, dt=2.515926e-01
nrows=1044, nvals=95749, dt1=2.655080e-04, dt=2.734281e-01
nrows=1478, nvals=67638, dt1=1.545970e-04, dt=2.822508e-01
nrows=2093, nvals=47780, dt1=1.092411e-04, dt=2.607123e-01
nrows=2963, nvals=33752, dt1=1.007151e-04, dt=2.657386e-01
nrows=4194, nvals=23843, dt1=5.834503e-05, dt=2.537469e-01
nrows=5937, nvals=16843, dt1=4.970282e-05, dt=2.813661e-01
nrows=8405, nvals=11898, dt1=2.936693e-05, dt=2.554523e-01
nrows=11898, nvals=8405, dt1=1.952099e-05, dt=2.597689e-01
nrows=16843, nvals=5937, dt1=1.471909e-05, dt=3.157860e-01
nrows=23843, nvals=4194, dt1=9.857118e-06, dt=2.738318e-01
nrows=33752, nvals=2963, dt1=8.987030e-06, dt=3.723076e-01
nrows=47780, nvals=2093, dt1=6.475020e-06, dt=3.669905e-01
nrows=67638, nvals=1478, dt1=3.892928e-06, dt=4.785948e-01
nrows=95749, nvals=1044, dt1=3.468944e-06, dt=5.760298e-01
nrows=135542, nvals=738, dt1=2.496177e-06, dt=6.910945e-01
Wed Dec  1 10:50:45 2021
nprocs=24, ratio=1.41561
nrows=184, nvals=544313, dt1=1.525008e-03, dt=3.533842e-01
nrows=260, nvals=384508, dt1=9.913091e-04, dt=3.898700e-01
nrows=368, nvals=271620, dt1=6.798410e-04, dt=4.186912e-01
nrows=521, nvals=191875, dt1=6.198050e-04, dt=4.304537e-01
nrows=738, nvals=135542, dt1=3.107151e-04, dt=3.519017e-01
nrows=1044, nvals=95749, dt1=2.822091e-04, dt=4.449926e-01
nrows=1478, nvals=67638, dt1=2.121001e-04, dt=3.584080e-01
nrows=2093, nvals=47780, dt1=1.514070e-04, dt=4.150523e-01
nrows=2963, nvals=33752, dt1=7.757405e-05, dt=4.456362e-01
nrows=4194, nvals=23843, dt1=5.480298e-05, dt=4.267856e-01
nrows=5937, nvals=16843, dt1=3.890484e-05, dt=4.262461e-01
nrows=8405, nvals=11898, dt1=2.923794e-05, dt=4.535286e-01
nrows=11898, nvals=8405, dt1=1.953100e-05, dt=4.473187e-01
nrows=16843, nvals=5937, dt1=1.757592e-05, dt=4.021663e-01
nrows=23843, nvals=4194, dt1=9.831972e-06, dt=4.762323e-01
nrows=33752, nvals=2963, dt1=7.626135e-06, dt=4.777525e-01
nrows=47780, nvals=2093, dt1=6.436836e-06, dt=5.483640e-01
nrows=67638, nvals=1478, dt1=4.753936e-06, dt=6.770982e-01
nrows=95749, nvals=1044, dt1=2.690125e-06, dt=6.240826e-01
nrows=135542, nvals=738, dt1=1.992099e-06, dt=1.012620e+00
Wed Dec  1 10:50:55 2021
nprocs=36, ratio=1.41561
nrows=184, nvals=544313, dt1=1.348571e-03, dt=4.569609e-01
nrows=260, nvals=384508, dt1=1.092826e-03, dt=5.385861e-01
nrows=368, nvals=271620, dt1=7.664729e-04, dt=5.457348e-01
nrows=521, nvals=191875, dt1=5.918541e-04, dt=5.753191e-01
nrows=738, nvals=135542, dt1=4.231031e-04, dt=5.365261e-01
nrows=1044, nvals=95749, dt1=2.193311e-04, dt=6.053101e-01
nrows=1478, nvals=67638, dt1=2.068952e-04, dt=6.166887e-01
nrows=2093, nvals=47780, dt1=2.022791e-04, dt=6.447880e-01
nrows=2963, nvals=33752, dt1=7.757312e-05, dt=5.752126e-01
nrows=4194, nvals=23843, dt1=5.481695e-05, dt=5.401869e-01
nrows=5937, nvals=16843, dt1=4.938105e-05, dt=6.636109e-01
nrows=8405, nvals=11898, dt1=3.487198e-05, dt=6.067093e-01
nrows=11898, nvals=8405, dt1=2.480694e-05, dt=5.849681e-01
nrows=16843, nvals=5937, dt1=1.386693e-05, dt=6.338779e-01
nrows=23843, nvals=4194, dt1=1.001102e-05, dt=6.807321e-01
nrows=33752, nvals=2963, dt1=7.100869e-06, dt=6.650592e-01
nrows=47780, nvals=2093, dt1=5.103881e-06, dt=6.670388e-01
nrows=67638, nvals=1478, dt1=4.622852e-06, dt=7.876355e-01
nrows=95749, nvals=1044, dt1=2.708053e-06, dt=8.231451e-01
nrows=135542, nvals=738, dt1=2.550893e-06, dt=1.050984e+00
Wed Dec  1 10:52:38 2021
nprocs=4, ratio=1.41561
nrows=184, nvals=544313, dt1=1.248931e-03, dt=2.316596e-01
nrows=260, nvals=384508, dt1=1.230135e-03, dt=1.177033e-01
nrows=368, nvals=271620, dt1=7.278109e-04, dt=1.176915e-01
nrows=521, nvals=191875, dt1=6.298730e-04, dt=1.168626e-01
nrows=738, nvals=135542, dt1=4.001420e-04, dt=1.170143e-01
nrows=1044, nvals=95749, dt1=2.478492e-04, dt=1.158684e-01
nrows=1478, nvals=67638, dt1=1.700269e-04, dt=1.162312e-01
nrows=2093, nvals=47780, dt1=1.518130e-04, dt=1.189397e-01
nrows=2963, nvals=33752, dt1=7.759104e-05, dt=1.154865e-01
nrows=4194, nvals=23843, dt1=7.505319e-05, dt=1.176124e-01
nrows=5937, nvals=16843, dt1=3.875885e-05, dt=1.162315e-01
nrows=8405, nvals=11898, dt1=3.138511e-05, dt=1.176903e-01
nrows=11898, nvals=8405, dt1=2.154405e-05, dt=1.163580e-01
nrows=16843, nvals=5937, dt1=1.394609e-05, dt=2.203558e-01
nrows=23843, nvals=4194, dt1=9.874813e-06, dt=2.288500e-01
nrows=33752, nvals=2963, dt1=7.311814e-06, dt=2.208579e-01
nrows=47780, nvals=2093, dt1=5.223090e-06, dt=3.238513e-01
nrows=67638, nvals=1478, dt1=3.692228e-06, dt=3.247639e-01
nrows=95749, nvals=1044, dt1=2.731103e-06, dt=5.683043e-01
nrows=135542, nvals=738, dt1=2.006069e-06, dt=5.754522e-01
Wed Dec  1 10:52:42 2021
nprocs=12, ratio=1.41561
nrows=184, nvals=544313, dt1=1.955418e-03, dt=2.549127e-01
nrows=260, nvals=384508, dt1=9.729161e-04, dt=2.692909e-01
nrows=368, nvals=271620, dt1=9.513211e-04, dt=2.661447e-01
nrows=521, nvals=191875, dt1=5.199250e-04, dt=2.620414e-01
nrows=738, nvals=135542, dt1=5.750449e-04, dt=2.742354e-01
nrows=1044, nvals=95749, dt1=2.735949e-04, dt=2.706032e-01
nrows=1478, nvals=67638, dt1=1.546731e-04, dt=2.709352e-01
nrows=2093, nvals=47780, dt1=1.392341e-04, dt=2.681035e-01
nrows=2963, nvals=33752, dt1=7.730303e-05, dt=2.904759e-01
nrows=4194, nvals=23843, dt1=7.510115e-05, dt=2.621287e-01
nrows=5937, nvals=16843, dt1=4.924904e-05, dt=2.577331e-01
nrows=8405, nvals=11898, dt1=2.749008e-05, dt=2.580844e-01
nrows=11898, nvals=8405, dt1=1.956290e-05, dt=2.579976e-01
nrows=16843, nvals=5937, dt1=1.765601e-05, dt=2.677241e-01
nrows=23843, nvals=4194, dt1=9.885058e-06, dt=2.663421e-01
nrows=33752, nvals=2963, dt1=9.011012e-06, dt=3.656436e-01
nrows=47780, nvals=2093, dt1=5.122041e-06, dt=3.566107e-01
nrows=67638, nvals=1478, dt1=3.675930e-06, dt=4.711491e-01
nrows=95749, nvals=1044, dt1=2.882909e-06, dt=5.660265e-01
nrows=135542, nvals=738, dt1=1.990935e-06, dt=6.996605e-01
Wed Dec  1 10:52:49 2021
nprocs=24, ratio=1.41561
nrows=184, nvals=544313, dt1=1.418385e-03, dt=3.948807e-01
nrows=260, nvals=384508, dt1=1.147547e-03, dt=3.200132e-01
nrows=368, nvals=271620, dt1=7.204961e-04, dt=4.017487e-01
nrows=521, nvals=191875, dt1=5.632390e-04, dt=3.807808e-01
nrows=738, nvals=135542, dt1=3.714359e-04, dt=4.099504e-01
nrows=1044, nvals=95749, dt1=2.911391e-04, dt=4.125691e-01
nrows=1478, nvals=67638, dt1=1.546661e-04, dt=3.957562e-01
nrows=2093, nvals=47780, dt1=1.311840e-04, dt=3.805808e-01
nrows=2963, nvals=33752, dt1=7.729186e-05, dt=4.174612e-01
nrows=4194, nvals=23843, dt1=5.486212e-05, dt=4.486832e-01
nrows=5937, nvals=16843, dt1=3.889902e-05, dt=4.609671e-01
nrows=8405, nvals=11898, dt1=3.501005e-05, dt=3.927936e-01
nrows=11898, nvals=8405, dt1=2.087280e-05, dt=4.607120e-01
nrows=16843, nvals=5937, dt1=1.387601e-05, dt=4.708084e-01
nrows=23843, nvals=4194, dt1=9.889016e-06, dt=4.143941e-01
nrows=33752, nvals=2963, dt1=7.048948e-06, dt=4.915114e-01
nrows=47780, nvals=2093, dt1=5.126931e-06, dt=5.768681e-01
nrows=67638, nvals=1478, dt1=3.695022e-06, dt=5.940202e-01
nrows=95749, nvals=1044, dt1=2.722023e-06, dt=7.485297e-01
nrows=135542, nvals=738, dt1=2.566958e-06, dt=1.114692e+00
Wed Dec  1 10:52:59 2021
nprocs=36, ratio=1.41561
nrows=184, nvals=544313, dt1=1.603839e-03, dt=4.372741e-01
nrows=260, nvals=384508, dt1=1.155311e-03, dt=5.544698e-01
nrows=368, nvals=271620, dt1=9.196121e-04, dt=5.062808e-01
nrows=521, nvals=191875, dt1=5.203860e-04, dt=5.289860e-01
nrows=738, nvals=135542, dt1=5.109280e-04, dt=5.138199e-01
nrows=1044, nvals=95749, dt1=2.828911e-04, dt=5.262781e-01
nrows=1478, nvals=67638, dt1=2.120112e-04, dt=4.876357e-01
nrows=2093, nvals=47780, dt1=1.391869e-04, dt=5.564350e-01
nrows=2963, nvals=33752, dt1=1.063889e-04, dt=5.531273e-01
nrows=4194, nvals=23843, dt1=5.473685e-05, dt=5.655380e-01
nrows=5937, nvals=16843, dt1=3.877189e-05, dt=5.804310e-01
nrows=8405, nvals=11898, dt1=2.755295e-05, dt=5.118495e-01
nrows=11898, nvals=8405, dt1=1.950585e-05, dt=5.732998e-01
nrows=16843, nvals=5937, dt1=1.385482e-05, dt=6.220073e-01
nrows=23843, nvals=4194, dt1=1.258985e-05, dt=6.830609e-01
nrows=33752, nvals=2963, dt1=7.119030e-06, dt=5.867029e-01
nrows=47780, nvals=2093, dt1=6.428920e-06, dt=7.084903e-01
nrows=67638, nvals=1478, dt1=4.641945e-06, dt=7.756484e-01
nrows=95749, nvals=1044, dt1=2.707820e-06, dt=7.805277e-01
nrows=135542, nvals=738, dt1=2.015848e-06, dt=9.480837e-01
Wed Dec  1 10:55:17 2021
nprocs=4, ratio=1.41561
nrows=184, nvals=544313, dt1=1.245330e-03, dt=2.238399e-01
nrows=260, nvals=384508, dt1=9.637580e-04, dt=1.185092e-01
nrows=368, nvals=271620, dt1=8.099638e-04, dt=1.214078e-01
nrows=521, nvals=191875, dt1=5.095201e-04, dt=1.177260e-01
nrows=738, nvals=135542, dt1=3.984470e-04, dt=1.176666e-01
nrows=1044, nvals=95749, dt1=2.975550e-04, dt=1.211168e-01
nrows=1478, nvals=67638, dt1=1.647309e-04, dt=1.170489e-01
nrows=2093, nvals=47780, dt1=1.290080e-04, dt=2.214072e-01
nrows=2963, nvals=33752, dt1=1.069980e-04, dt=1.212531e-01
nrows=4194, nvals=23843, dt1=5.491101e-05, dt=1.191464e-01
nrows=5937, nvals=16843, dt1=4.410511e-05, dt=2.182564e-01
nrows=8405, nvals=11898, dt1=2.755411e-05, dt=1.213318e-01
nrows=11898, nvals=8405, dt1=1.956499e-05, dt=2.183463e-01
nrows=16843, nvals=5937, dt1=1.529907e-05, dt=2.231488e-01
nrows=23843, nvals=4194, dt1=9.911833e-06, dt=2.200552e-01
nrows=33752, nvals=2963, dt1=2.323301e-05, dt=2.271320e-01
nrows=47780, nvals=2093, dt1=5.098060e-06, dt=3.229847e-01
nrows=67638, nvals=1478, dt1=3.691996e-06, dt=3.362030e-01
nrows=95749, nvals=1044, dt1=2.746005e-06, dt=5.930579e-01
nrows=135542, nvals=738, dt1=2.054963e-06, dt=5.686413e-01
Wed Dec  1 10:55:21 2021
nprocs=12, ratio=1.41561
nrows=184, nvals=544313, dt1=1.368323e-03, dt=2.670529e-01
nrows=260, nvals=384508, dt1=1.294384e-03, dt=2.584474e-01
nrows=368, nvals=271620, dt1=7.983090e-04, dt=2.697589e-01
nrows=521, nvals=191875, dt1=5.857931e-04, dt=2.701408e-01
nrows=738, nvals=135542, dt1=3.094950e-04, dt=2.716662e-01
nrows=1044, nvals=95749, dt1=2.884900e-04, dt=2.910600e-01
nrows=1478, nvals=67638, dt1=1.898322e-04, dt=2.732113e-01
nrows=2093, nvals=47780, dt1=1.391259e-04, dt=2.512907e-01
nrows=2963, nvals=33752, dt1=7.744296e-05, dt=2.865433e-01
nrows=4194, nvals=23843, dt1=5.481392e-05, dt=2.479428e-01
nrows=5937, nvals=16843, dt1=4.572119e-05, dt=2.668007e-01
nrows=8405, nvals=11898, dt1=2.758787e-05, dt=2.620484e-01
nrows=11898, nvals=8405, dt1=2.147793e-05, dt=2.552188e-01
nrows=16843, nvals=5937, dt1=1.390604e-05, dt=2.977658e-01
nrows=23843, nvals=4194, dt1=1.054304e-05, dt=2.661861e-01
nrows=33752, nvals=2963, dt1=7.118098e-06, dt=2.723100e-01
nrows=47780, nvals=2093, dt1=5.082926e-06, dt=3.535206e-01
nrows=67638, nvals=1478, dt1=3.723893e-06, dt=4.739002e-01
nrows=95749, nvals=1044, dt1=2.712011e-06, dt=5.763374e-01
nrows=135542, nvals=738, dt1=2.498971e-06, dt=7.007625e-01
Wed Dec  1 10:55:28 2021
nprocs=24, ratio=1.41561
nrows=184, nvals=544313, dt1=1.630859e-03, dt=4.034415e-01
nrows=260, nvals=384508, dt1=1.123455e-03, dt=4.302351e-01
nrows=368, nvals=271620, dt1=7.572491e-04, dt=4.085067e-01
nrows=521, nvals=191875, dt1=5.009091e-04, dt=4.196395e-01
nrows=738, nvals=135542, dt1=3.923690e-04, dt=3.426979e-01
nrows=1044, nvals=95749, dt1=2.192541e-04, dt=4.217220e-01
nrows=1478, nvals=67638, dt1=2.032600e-04, dt=4.414100e-01
nrows=2093, nvals=47780, dt1=1.530200e-04, dt=4.219219e-01
nrows=2963, nvals=33752, dt1=7.750117e-05, dt=3.727774e-01
nrows=4194, nvals=23843, dt1=5.486095e-05, dt=4.055002e-01
nrows=5937, nvals=16843, dt1=3.889506e-05, dt=4.610456e-01
nrows=8405, nvals=11898, dt1=3.486010e-05, dt=4.351470e-01
nrows=11898, nvals=8405, dt1=1.955894e-05, dt=4.317915e-01
nrows=16843, nvals=5937, dt1=1.390418e-05, dt=4.700603e-01
nrows=23843, nvals=4194, dt1=9.970972e-06, dt=4.706492e-01
nrows=33752, nvals=2963, dt1=7.106923e-06, dt=4.771609e-01
nrows=47780, nvals=2093, dt1=5.121110e-06, dt=5.791932e-01
nrows=67638, nvals=1478, dt1=3.722962e-06, dt=5.952001e-01
nrows=95749, nvals=1044, dt1=2.725981e-06, dt=7.441436e-01
nrows=135542, nvals=738, dt1=1.973007e-06, dt=1.059613e+00
Wed Dec  1 10:55:37 2021
nprocs=36, ratio=1.41561
nrows=184, nvals=544313, dt1=1.778408e-03, dt=4.753096e-01
nrows=260, nvals=384508, dt1=9.781031e-04, dt=5.648050e-01
nrows=368, nvals=271620, dt1=7.184490e-04, dt=5.300497e-01
nrows=521, nvals=191875, dt1=6.899070e-04, dt=5.291664e-01
nrows=738, nvals=135542, dt1=3.549580e-04, dt=5.489662e-01
nrows=1044, nvals=95749, dt1=2.187900e-04, dt=5.482640e-01
nrows=1478, nvals=67638, dt1=1.645889e-04, dt=5.545735e-01
nrows=2093, nvals=47780, dt1=1.165660e-04, dt=5.922762e-01
nrows=2963, nvals=33752, dt1=7.748790e-05, dt=5.757916e-01
nrows=4194, nvals=23843, dt1=5.491590e-05, dt=5.886006e-01
nrows=5937, nvals=16843, dt1=3.895001e-05, dt=6.220126e-01
nrows=8405, nvals=11898, dt1=6.457884e-05, dt=6.538198e-01
nrows=11898, nvals=8405, dt1=1.969398e-05, dt=6.101470e-01
nrows=16843, nvals=5937, dt1=1.481595e-05, dt=5.571061e-01
nrows=23843, nvals=4194, dt1=1.255213e-05, dt=6.256169e-01
nrows=33752, nvals=2963, dt1=9.024981e-06, dt=7.324872e-01
nrows=47780, nvals=2093, dt1=5.134847e-06, dt=7.460911e-01
nrows=67638, nvals=1478, dt1=3.761146e-06, dt=7.780374e-01
nrows=95749, nvals=1044, dt1=2.710149e-06, dt=8.669395e-01
nrows=135542, nvals=738, dt1=2.001878e-06, dt=1.060799e+00
Wed Dec  1 11:02:15 2021
nprocs=4, ratio=1.41561
nrows=184, nvals=544313, dt1=1.262479e-03, dt=2.246961e-01
nrows=260, nvals=384508, dt1=1.050091e-03, dt=1.208975e-01
nrows=368, nvals=271620, dt1=6.198271e-04, dt=1.180019e-01
nrows=521, nvals=191875, dt1=7.548530e-04, dt=1.204440e-01
nrows=738, nvals=135542, dt1=3.103081e-04, dt=1.177996e-01
nrows=1044, nvals=95749, dt1=2.651529e-04, dt=1.190418e-01
nrows=1478, nvals=67638, dt1=2.435260e-04, dt=1.202438e-01
nrows=2093, nvals=47780, dt1=1.098230e-04, dt=1.173179e-01
nrows=2963, nvals=33752, dt1=8.539204e-05, dt=1.210253e-01
nrows=4194, nvals=23843, dt1=5.473988e-05, dt=1.181378e-01
nrows=5937, nvals=16843, dt1=3.993302e-05, dt=1.209991e-01
nrows=8405, nvals=11898, dt1=2.749311e-05, dt=1.198797e-01
nrows=11898, nvals=8405, dt1=1.962599e-05, dt=1.198761e-01
nrows=16843, nvals=5937, dt1=1.578615e-05, dt=2.251765e-01
nrows=23843, nvals=4194, dt1=1.057610e-05, dt=2.221907e-01
nrows=33752, nvals=2963, dt1=7.092953e-06, dt=2.217846e-01
nrows=47780, nvals=2093, dt1=5.123904e-06, dt=3.251059e-01
nrows=67638, nvals=1478, dt1=3.728084e-06, dt=3.420918e-01
nrows=95749, nvals=1044, dt1=2.708985e-06, dt=6.360288e-01
nrows=135542, nvals=738, dt1=2.268003e-06, dt=5.733444e-01
Wed Dec  1 11:02:19 2021
nprocs=12, ratio=1.41561
nrows=184, nvals=544313, dt1=1.553594e-03, dt=2.648680e-01
nrows=260, nvals=384508, dt1=9.380351e-04, dt=2.717144e-01
nrows=368, nvals=271620, dt1=8.639230e-04, dt=2.666795e-01
nrows=521, nvals=191875, dt1=5.221951e-04, dt=2.849672e-01
nrows=738, nvals=135542, dt1=4.493659e-04, dt=2.502823e-01
nrows=1044, nvals=95749, dt1=2.890360e-04, dt=2.582132e-01
nrows=1478, nvals=67638, dt1=1.546990e-04, dt=2.628527e-01
nrows=2093, nvals=47780, dt1=1.374849e-04, dt=2.933711e-01
nrows=2963, nvals=33752, dt1=7.749489e-05, dt=2.545992e-01
nrows=4194, nvals=23843, dt1=6.405194e-05, dt=2.634070e-01
nrows=5937, nvals=16843, dt1=3.882102e-05, dt=2.483755e-01
nrows=8405, nvals=11898, dt1=2.752291e-05, dt=2.883265e-01
nrows=11898, nvals=8405, dt1=4.032208e-05, dt=3.057458e-01
nrows=16843, nvals=5937, dt1=1.389300e-05, dt=2.487285e-01
nrows=23843, nvals=4194, dt1=9.882031e-06, dt=2.880167e-01
nrows=33752, nvals=2963, dt1=9.172130e-06, dt=5.797586e-01
nrows=47780, nvals=2093, dt1=5.115056e-06, dt=3.859441e-01
nrows=67638, nvals=1478, dt1=4.683156e-06, dt=4.750003e-01
nrows=95749, nvals=1044, dt1=3.298977e-06, dt=5.714462e-01
nrows=135542, nvals=738, dt1=2.023997e-06, dt=6.926472e-01
Wed Dec  1 11:02:26 2021
nprocs=24, ratio=1.41561
nrows=184, nvals=544313, dt1=1.581870e-03, dt=3.899671e-01
nrows=260, nvals=384508, dt1=1.063844e-03, dt=4.332116e-01
nrows=368, nvals=271620, dt1=7.355360e-04, dt=3.340287e-01
nrows=521, nvals=191875, dt1=6.300032e-04, dt=3.280944e-01
nrows=738, nvals=135542, dt1=3.675469e-04, dt=4.412963e-01
nrows=1044, nvals=95749, dt1=3.059031e-04, dt=4.239412e-01
nrows=1478, nvals=67638, dt1=1.551739e-04, dt=4.375424e-01
nrows=2093, nvals=47780, dt1=1.169289e-04, dt=4.502321e-01
nrows=2963, nvals=33752, dt1=7.743412e-05, dt=4.402048e-01
nrows=4194, nvals=23843, dt1=6.948784e-05, dt=4.319267e-01
nrows=5937, nvals=16843, dt1=3.876700e-05, dt=4.429876e-01
nrows=8405, nvals=11898, dt1=3.502099e-05, dt=4.483353e-01
nrows=11898, nvals=8405, dt1=1.957314e-05, dt=4.256755e-01
nrows=16843, nvals=5937, dt1=1.392001e-05, dt=4.283734e-01
nrows=23843, nvals=4194, dt1=9.949086e-06, dt=4.833826e-01
nrows=33752, nvals=2963, dt1=8.659903e-06, dt=5.343185e-01
nrows=47780, nvals=2093, dt1=5.129026e-06, dt=4.696196e-01
nrows=67638, nvals=1478, dt1=3.676862e-06, dt=6.506198e-01
nrows=95749, nvals=1044, dt1=2.732035e-06, dt=7.316109e-01
nrows=135542, nvals=738, dt1=2.001878e-06, dt=9.364451e-01
Wed Dec  1 11:02:35 2021
nprocs=36, ratio=1.41561
nrows=184, nvals=544313, dt1=1.486068e-03, dt=4.543598e-01
nrows=260, nvals=384508, dt1=9.856950e-04, dt=5.413008e-01
nrows=368, nvals=271620, dt1=7.880600e-04, dt=5.205982e-01
nrows=521, nvals=191875, dt1=4.826810e-04, dt=5.268753e-01
nrows=738, nvals=135542, dt1=3.824430e-04, dt=4.538383e-01
nrows=1044, nvals=95749, dt1=2.188070e-04, dt=5.633870e-01
nrows=1478, nvals=67638, dt1=1.646231e-04, dt=5.796529e-01
nrows=2093, nvals=47780, dt1=1.094779e-04, dt=6.190443e-01
nrows=2963, nvals=33752, dt1=7.753493e-05, dt=5.800711e-01
nrows=4194, nvals=23843, dt1=6.955396e-05, dt=5.786869e-01
nrows=5937, nvals=16843, dt1=3.881985e-05, dt=5.798567e-01
nrows=8405, nvals=11898, dt1=2.750312e-05, dt=6.317597e-01
nrows=11898, nvals=8405, dt1=1.952494e-05, dt=6.050101e-01
nrows=16843, nvals=5937, dt1=1.388299e-05, dt=6.219206e-01
nrows=23843, nvals=4194, dt1=9.926036e-06, dt=6.124987e-01
nrows=33752, nvals=2963, dt1=7.051043e-06, dt=6.912223e-01
nrows=47780, nvals=2093, dt1=5.096197e-06, dt=7.201963e-01
nrows=67638, nvals=1478, dt1=3.717840e-06, dt=7.010863e-01
nrows=95749, nvals=1044, dt1=2.727844e-06, dt=8.168925e-01
nrows=135542, nvals=738, dt1=1.993030e-06, dt=1.014798e+00
Wed Dec  1 11:14:50 2021
nprocs=4, ratio=1.54411
nrows=676, nvals=14784659, dt1=3.403012e-02, dt=7.084980e+00
nrows=1044, nvals=9574852, dt1=2.193819e-02, dt=6.431636e+00
nrows=1613, nvals=6200873, dt1=1.426231e-02, dt=6.028398e+00
nrows=2490, nvals=4015814, dt1=9.829942e-03, dt=6.629687e+00
nrows=3845, nvals=2600724, dt1=6.229262e-03, dt=6.228959e+00
nrows=5937, nvals=1684283, dt1=5.595448e-03, dt=6.436387e+00
nrows=9168, nvals=1090777, dt1=2.684930e-03, dt=6.330079e+00
nrows=14156, nvals=706410, dt1=1.836255e-03, dt=6.535168e+00
nrows=21859, nvals=457486, dt1=1.120011e-03, dt=6.432628e+00
nrows=33752, nvals=296277, dt1=7.642130e-04, dt=6.410388e+00
nrows=52117, nvals=191875, dt1=5.121210e-04, dt=6.744372e+00
nrows=80475, nvals=124262, dt1=2.847521e-04, dt=6.884635e+00
nrows=124262, nvals=80475, dt1=1.963889e-04, dt=7.341630e+00
nrows=191875, nvals=52117, dt1=1.357410e-04, dt=6.788282e+00
nrows=296277, nvals=33752, dt1=7.741200e-05, dt=7.030980e+00
nrows=457486, nvals=21859, dt1=5.048490e-05, dt=7.655443e+00
nrows=706410, nvals=14156, dt1=3.724894e-05, dt=7.985327e+00
nrows=1090777, nvals=9168, dt1=2.135593e-05, dt=8.441953e+00
nrows=1684283, nvals=5937, dt1=1.404108e-05, dt=1.003369e+01
nrows=2600724, nvals=3845, dt1=1.079589e-05, dt=1.490927e+01
Wed Dec  1 11:17:19 2021
nprocs=12, ratio=1.54411
nrows=676, nvals=14784659, dt1=4.005044e-02, dt=2.716792e+00
nrows=1044, nvals=9574852, dt1=2.196145e-02, dt=2.568644e+00
nrows=1613, nvals=6200873, dt1=1.738831e-02, dt=2.579136e+00
nrows=2490, nvals=4015814, dt1=1.149684e-02, dt=2.578938e+00
nrows=3845, nvals=2600724, dt1=7.681605e-03, dt=2.576436e+00
nrows=5937, nvals=1684283, dt1=5.003686e-03, dt=2.584034e+00
nrows=9168, nvals=1090777, dt1=2.865503e-03, dt=2.585732e+00
nrows=14156, nvals=706410, dt1=2.107523e-03, dt=2.577062e+00
nrows=21859, nvals=457486, dt1=1.311996e-03, dt=2.581957e+00
nrows=33752, nvals=296277, dt1=8.050669e-04, dt=2.580291e+00
nrows=52117, nvals=191875, dt1=5.790771e-04, dt=2.704562e+00
nrows=80475, nvals=124262, dt1=3.578810e-04, dt=2.716858e+00
nrows=124262, nvals=80475, dt1=1.966029e-04, dt=2.742509e+00
nrows=191875, nvals=52117, dt1=1.630441e-04, dt=2.840984e+00
nrows=296277, nvals=33752, dt1=8.822791e-05, dt=3.086125e+00
nrows=457486, nvals=21859, dt1=5.728705e-05, dt=3.304312e+00
nrows=706410, nvals=14156, dt1=4.151091e-05, dt=3.733377e+00
nrows=1090777, nvals=9168, dt1=6.079092e-05, dt=5.229020e+00
nrows=1684283, nvals=5937, dt1=1.708791e-05, dt=8.130094e+00
nrows=2600724, nvals=3845, dt1=9.699957e-06, dt=1.159738e+01
Wed Dec  1 11:18:32 2021
nprocs=24, ratio=1.54411
nrows=676, nvals=14784659, dt1=3.383906e-02, dt=1.623447e+00
nrows=1044, nvals=9574852, dt1=2.335742e-02, dt=1.506445e+00
nrows=1613, nvals=6200873, dt1=1.646371e-02, dt=1.501144e+00
nrows=2490, nvals=4015814, dt1=1.081786e-02, dt=1.535469e+00
nrows=3845, nvals=2600724, dt1=7.158924e-03, dt=1.552548e+00
nrows=5937, nvals=1684283, dt1=4.301809e-03, dt=1.539246e+00
nrows=9168, nvals=1090777, dt1=3.297432e-03, dt=1.509181e+00
nrows=14156, nvals=706410, dt1=1.783127e-03, dt=1.562860e+00
nrows=21859, nvals=457486, dt1=1.399809e-03, dt=1.644313e+00
nrows=33752, nvals=296277, dt1=8.930678e-04, dt=1.528763e+00
nrows=52117, nvals=191875, dt1=5.764458e-04, dt=1.637995e+00
nrows=80475, nvals=124262, dt1=3.315259e-04, dt=1.614781e+00
nrows=124262, nvals=80475, dt1=2.030809e-04, dt=1.790494e+00
nrows=191875, nvals=52117, dt1=1.521781e-04, dt=1.906860e+00
nrows=296277, nvals=33752, dt1=7.754192e-05, dt=1.896782e+00
nrows=457486, nvals=21859, dt1=5.020201e-05, dt=2.577921e+00
nrows=706410, nvals=14156, dt1=5.742093e-05, dt=3.389005e+00
nrows=1090777, nvals=9168, dt1=2.701511e-05, dt=5.417881e+00
nrows=1684283, nvals=5937, dt1=1.479685e-05, dt=7.325363e+00
nrows=2600724, nvals=3845, dt1=9.133015e-06, dt=1.031111e+01
Wed Dec  1 11:19:26 2021
nprocs=36, ratio=1.54411
nrows=676, nvals=14784659, dt1=3.381706e-02, dt=1.195475e+00
nrows=1044, nvals=9574852, dt1=2.496919e-02, dt=1.187704e+00
nrows=1613, nvals=6200873, dt1=1.527676e-02, dt=1.220115e+00
nrows=2490, nvals=4015814, dt1=1.116060e-02, dt=1.140019e+00
nrows=3845, nvals=2600724, dt1=7.835517e-03, dt=1.247836e+00
nrows=5937, nvals=1684283, dt1=4.661897e-03, dt=1.208852e+00
nrows=9168, nvals=1090777, dt1=3.127794e-03, dt=1.249423e+00
nrows=14156, nvals=706410, dt1=2.179873e-03, dt=1.272157e+00
nrows=21859, nvals=457486, dt1=1.146163e-03, dt=1.287226e+00
nrows=33752, nvals=296277, dt1=8.784700e-04, dt=1.213456e+00
nrows=52117, nvals=191875, dt1=5.448312e-04, dt=1.259779e+00
nrows=80475, nvals=124262, dt1=3.742080e-04, dt=1.371441e+00
nrows=124262, nvals=80475, dt1=2.478550e-04, dt=1.490242e+00
nrows=191875, nvals=52117, dt1=1.270631e-04, dt=1.473795e+00
nrows=296277, nvals=33752, dt1=1.011651e-04, dt=1.989592e+00
nrows=457486, nvals=21859, dt1=5.552708e-05, dt=2.689393e+00
nrows=706410, nvals=14156, dt1=4.154793e-05, dt=3.314337e+00
nrows=1090777, nvals=9168, dt1=2.129003e-05, dt=4.930573e+00
nrows=1684283, nvals=5937, dt1=1.401897e-05, dt=7.200724e+00
nrows=2600724, nvals=3845, dt1=9.184936e-06, dt=1.146883e+01
